<?xml version="1.0" encoding="UTF-8"?>
<!-- Generated by org.testng.reporters.JUnitReportReporter -->
<testsuite hostname="DESKTOP-2O8HHEU" failures="0" tests="6" name="org.TestNG5.priority" time="0.058" errors="0" timestamp="2023-05-04T21:39:06 IST" skipped="0">
  <testcase classname="org.TestNG5.priority" name="tc4" time="0.026"/>
  <system-out/>
  <testcase classname="org.TestNG5.priority" name="tc5" time="0.005"/>
  <system-out/>
  <testcase classname="org.TestNG5.priority" name="tc2" time="0.006"/>
  <system-out/>
  <testcase classname="org.TestNG5.priority" name="tc1" time="0.003"/>
  <system-out/>
  <testcase classname="org.TestNG5.priority" name="tc3" time="0.006"/>
  <system-out/>
  <testcase classname="org.TestNG5.priority" name="tc6" time="0.012"/>
  <system-out/>
</testsuite> <!-- org.TestNG5.priority -->
