<?xml version="1.0" encoding="UTF-8"?>
<!-- Generated by org.testng.reporters.JUnitReportReporter -->
<testsuite hostname="DESKTOP-2O8HHEU" failures="0" tests="6" name="org.test.testNG1" time="0.029" errors="1" timestamp="2023-05-01T08:37:40 IST" skipped="5">
  <testcase classname="org.test.testNG1" name="tc1" time="0.000">
    <skipped/>
  </testcase> <!-- tc1 -->
  <system-out/>
  <testcase classname="org.test.testNG1" name="lanunchtheBrowser" time="0.029">
    <error type="java.lang.StackOverflowError">
      <![CDATA[java.lang.StackOverflowError
at org.test.testNG1.lanunchtheBrowser(testNG1.java:39)
at org.test.testNG1.lanunchtheBrowser(testNG1.java:39)
at org.test.testNG1.lanunchtheBrowser(testNG1.java:39)
at org.test.testNG1.lanunchtheBrowser(testNG1.java:39)
at org.test.testNG1.lanunchtheBrowser(testNG1.java:39)
at org.test.testNG1.lanunchtheBrowser(testNG1.java:39)
at org.test.testNG1.lanunchtheBrowser(testNG1.java:39)
at org.test.testNG1.lanunchtheBrowser(testNG1.java:39)
at org.test.testNG1.lanunchtheBrowser(testNG1.java:39)
at org.test.testNG1.lanunchtheBrowser(testNG1.java:39)
at org.test.testNG1.lanunchtheBrowser(testNG1.java:39)
at org.test.testNG1.lanunchtheBrowser(testNG1.java:39)
at org.test.testNG1.lanunchtheBrowser(testNG1.java:39)
at org.test.testNG1.lanunchtheBrowser(testNG1.java:39)
at org.test.testNG1.lanunchtheBrowser(testNG1.java:39)
at org.test.testNG1.lanunchtheBrowser(testNG1.java:39)
at org.test.testNG1.lanunchtheBrowser(testNG1.java:39)
at org.test.testNG1.lanunchtheBrowser(testNG1.java:39)
at org.test.testNG1.lanunchtheBrowser(testNG1.java:39)
at org.test.testNG1.lanunchtheBrowser(testNG1.java:39)
at org.test.testNG1.lanunchtheBrowser(testNG1.java:39)
at org.test.testNG1.lanunchtheBrowser(testNG1.java:39)
at org.test.testNG1.lanunchtheBrowser(testNG1.java:39)
at org.test.testNG1.lanunchtheBrowser(testNG1.java:39)
at org.test.testNG1.lanunchtheBrowser(testNG1.java:39)
at org.test.testNG1.lanunchtheBrowser(testNG1.java:39)
at org.test.testNG1.lanunchtheBrowser(testNG1.java:39)
at org.test.testNG1.lanunchtheBrowser(testNG1.java:39)
at org.test.testNG1.lanunchtheBrowser(testNG1.java:39)
at org.test.testNG1.lanunchtheBrowser(testNG1.java:39)
at org.test.testNG1.lanunchtheBrowser(testNG1.java:39)
at org.test.testNG1.lanunchtheBrowser(testNG1.java:39)
at org.test.testNG1.lanunchtheBrowser(testNG1.java:39)
at org.test.testNG1.lanunchtheBrowser(testNG1.java:39)
at org.test.testNG1.lanunchtheBrowser(testNG1.java:39)
at org.test.testNG1.lanunchtheBrowser(testNG1.java:39)
at org.test.testNG1.lanunchtheBrowser(testNG1.java:39)
at org.test.testNG1.lanunchtheBrowser(testNG1.java:39)
at org.test.testNG1.lanunchtheBrowser(testNG1.java:39)
at org.test.testNG1.lanunchtheBrowser(testNG1.java:39)
at org.test.testNG1.lanunchtheBrowser(testNG1.java:39)
at org.test.testNG1.lanunchtheBrowser(testNG1.java:39)
at org.test.testNG1.lanunchtheBrowser(testNG1.java:39)
at org.test.testNG1.lanunchtheBrowser(testNG1.java:39)
at org.test.testNG1.lanunchtheBrowser(testNG1.java:39)
at org.test.testNG1.lanunchtheBrowser(testNG1.java:39)
at org.test.testNG1.lanunchtheBrowser(testNG1.java:39)
at org.test.testNG1.lanunchtheBrowser(testNG1.java:39)
at org.test.testNG1.lanunchtheBrowser(testNG1.java:39)
at org.test.testNG1.lanunchtheBrowser(testNG1.java:39)
at org.test.testNG1.lanunchtheBrowser(testNG1.java:39)
at org.test.testNG1.lanunchtheBrowser(testNG1.java:39)
at org.test.testNG1.lanunchtheBrowser(testNG1.java:39)
at org.test.testNG1.lanunchtheBrowser(testNG1.java:39)
at org.test.testNG1.lanunchtheBrowser(testNG1.java:39)
at org.test.testNG1.lanunchtheBrowser(testNG1.java:39)
at org.test.testNG1.lanunchtheBrowser(testNG1.java:39)
at org.test.testNG1.lanunchtheBrowser(testNG1.java:39)
at org.test.testNG1.lanunchtheBrowser(testNG1.java:39)
at org.test.testNG1.lanunchtheBrowser(testNG1.java:39)
at org.test.testNG1.lanunchtheBrowser(testNG1.java:39)
at org.test.testNG1.lanunchtheBrowser(testNG1.java:39)
at org.test.testNG1.lanunchtheBrowser(testNG1.java:39)
at org.test.testNG1.lanunchtheBrowser(testNG1.java:39)
at org.test.testNG1.lanunchtheBrowser(testNG1.java:39)
at org.test.testNG1.lanunchtheBrowser(testNG1.java:39)
at org.test.testNG1.lanunchtheBrowser(testNG1.java:39)
at org.test.testNG1.lanunchtheBrowser(testNG1.java:39)
at org.test.testNG1.lanunchtheBrowser(testNG1.java:39)
at org.test.testNG1.lanunchtheBrowser(testNG1.java:39)
at org.test.testNG1.lanunchtheBrowser(testNG1.java:39)
at org.test.testNG1.lanunchtheBrowser(testNG1.java:39)
at org.test.testNG1.lanunchtheBrowser(testNG1.java:39)
at org.test.testNG1.lanunchtheBrowser(testNG1.java:39)
at org.test.testNG1.lanunchtheBrowser(testNG1.java:39)
at org.test.testNG1.lanunchtheBrowser(testNG1.java:39)
at org.test.testNG1.lanunchtheBrowser(testNG1.java:39)
at org.test.testNG1.lanunchtheBrowser(testNG1.java:39)
at org.test.testNG1.lanunchtheBrowser(testNG1.java:39)
at org.test.testNG1.lanunchtheBrowser(testNG1.java:39)
at org.test.testNG1.lanunchtheBrowser(testNG1.java:39)
at org.test.testNG1.lanunchtheBrowser(testNG1.java:39)
at org.test.testNG1.lanunchtheBrowser(testNG1.java:39)
at org.test.testNG1.lanunchtheBrowser(testNG1.java:39)
at org.test.testNG1.lanunchtheBrowser(testNG1.java:39)
at org.test.testNG1.lanunchtheBrowser(testNG1.java:39)
at org.test.testNG1.lanunchtheBrowser(testNG1.java:39)
at org.test.testNG1.lanunchtheBrowser(testNG1.java:39)
at org.test.testNG1.lanunchtheBrowser(testNG1.java:39)
at org.test.testNG1.lanunchtheBrowser(testNG1.java:39)
at org.test.testNG1.lanunchtheBrowser(testNG1.java:39)
at org.test.testNG1.lanunchtheBrowser(testNG1.java:39)
at org.test.testNG1.lanunchtheBrowser(testNG1.java:39)
at org.test.testNG1.lanunchtheBrowser(testNG1.java:39)
at org.test.testNG1.lanunchtheBrowser(testNG1.java:39)
at org.test.testNG1.lanunchtheBrowser(testNG1.java:39)
at org.test.testNG1.lanunchtheBrowser(testNG1.java:39)
at org.test.testNG1.lanunchtheBrowser(testNG1.java:39)
at org.test.testNG1.lanunchtheBrowser(testNG1.java:39)
at org.test.testNG1.lanunchtheBrowser(testNG1.java:39)
at org.test.testNG1.lanunchtheBrowser(testNG1.java:39)
at org.test.testNG1.lanunchtheBrowser(testNG1.java:39)
at org.test.testNG1.lanunchtheBrowser(testNG1.java:39)
at org.test.testNG1.lanunchtheBrowser(testNG1.java:39)
at org.test.testNG1.lanunchtheBrowser(testNG1.java:39)
at org.test.testNG1.lanunchtheBrowser(testNG1.java:39)
at org.test.testNG1.lanunchtheBrowser(testNG1.java:39)
at org.test.testNG1.lanunchtheBrowser(testNG1.java:39)
at org.test.testNG1.lanunchtheBrowser(testNG1.java:39)
at org.test.testNG1.lanunchtheBrowser(testNG1.java:39)
at org.test.testNG1.lanunchtheBrowser(testNG1.java:39)
at org.test.testNG1.lanunchtheBrowser(testNG1.java:39)
at org.test.testNG1.lanunchtheBrowser(testNG1.java:39)
at org.test.testNG1.lanunchtheBrowser(testNG1.java:39)
at org.test.testNG1.lanunchtheBrowser(testNG1.java:39)
at org.test.testNG1.lanunchtheBrowser(testNG1.java:39)
at org.test.testNG1.lanunchtheBrowser(testNG1.java:39)
at org.test.testNG1.lanunchtheBrowser(testNG1.java:39)
at org.test.testNG1.lanunchtheBrowser(testNG1.java:39)
at org.test.testNG1.lanunchtheBrowser(testNG1.java:39)
at org.test.testNG1.lanunchtheBrowser(testNG1.java:39)
at org.test.testNG1.lanunchtheBrowser(testNG1.java:39)
at org.test.testNG1.lanunchtheBrowser(testNG1.java:39)
at org.test.testNG1.lanunchtheBrowser(testNG1.java:39)
at org.test.testNG1.lanunchtheBrowser(testNG1.java:39)
at org.test.testNG1.lanunchtheBrowser(testNG1.java:39)
at org.test.testNG1.lanunchtheBrowser(testNG1.java:39)
at org.test.testNG1.lanunchtheBrowser(testNG1.java:39)
at org.test.testNG1.lanunchtheBrowser(testNG1.java:39)
at org.test.testNG1.lanunchtheBrowser(testNG1.java:39)
at org.test.testNG1.lanunchtheBrowser(testNG1.java:39)
at org.test.testNG1.lanunchtheBrowser(testNG1.java:39)
at org.test.testNG1.lanunchtheBrowser(testNG1.java:39)
at org.test.testNG1.lanunchtheBrowser(testNG1.java:39)
at org.test.testNG1.lanunchtheBrowser(testNG1.java:39)
at org.test.testNG1.lanunchtheBrowser(testNG1.java:39)
at org.test.testNG1.lanunchtheBrowser(testNG1.java:39)
at org.test.testNG1.lanunchtheBrowser(testNG1.java:39)
at org.test.testNG1.lanunchtheBrowser(testNG1.java:39)
at org.test.testNG1.lanunchtheBrowser(testNG1.java:39)
at org.test.testNG1.lanunchtheBrowser(testNG1.java:39)
at org.test.testNG1.lanunchtheBrowser(testNG1.java:39)
at org.test.testNG1.lanunchtheBrowser(testNG1.java:39)
at org.test.testNG1.lanunchtheBrowser(testNG1.java:39)
at org.test.testNG1.lanunchtheBrowser(testNG1.java:39)
at org.test.testNG1.lanunchtheBrowser(testNG1.java:39)
at org.test.testNG1.lanunchtheBrowser(testNG1.java:39)
at org.test.testNG1.lanunchtheBrowser(testNG1.java:39)
at org.test.testNG1.lanunchtheBrowser(testNG1.java:39)
at org.test.testNG1.lanunchtheBrowser(testNG1.java:39)
at org.test.testNG1.lanunchtheBrowser(testNG1.java:39)
at org.test.testNG1.lanunchtheBrowser(testNG1.java:39)
at org.test.testNG1.lanunchtheBrowser(testNG1.java:39)
at org.test.testNG1.lanunchtheBrowser(testNG1.java:39)
at org.test.testNG1.lanunchtheBrowser(testNG1.java:39)
at org.test.testNG1.lanunchtheBrowser(testNG1.java:39)
at org.test.testNG1.lanunchtheBrowser(testNG1.java:39)
at org.test.testNG1.lanunchtheBrowser(testNG1.java:39)
at org.test.testNG1.lanunchtheBrowser(testNG1.java:39)
at org.test.testNG1.lanunchtheBrowser(testNG1.java:39)
at org.test.testNG1.lanunchtheBrowser(testNG1.java:39)
at org.test.testNG1.lanunchtheBrowser(testNG1.java:39)
at org.test.testNG1.lanunchtheBrowser(testNG1.java:39)
at org.test.testNG1.lanunchtheBrowser(testNG1.java:39)
at org.test.testNG1.lanunchtheBrowser(testNG1.java:39)
at org.test.testNG1.lanunchtheBrowser(testNG1.java:39)
at org.test.testNG1.lanunchtheBrowser(testNG1.java:39)
at org.test.testNG1.lanunchtheBrowser(testNG1.java:39)
at org.test.testNG1.lanunchtheBrowser(testNG1.java:39)
at org.test.testNG1.lanunchtheBrowser(testNG1.java:39)
at org.test.testNG1.lanunchtheBrowser(testNG1.java:39)
at org.test.testNG1.lanunchtheBrowser(testNG1.java:39)
at org.test.testNG1.lanunchtheBrowser(testNG1.java:39)
at org.test.testNG1.lanunchtheBrowser(testNG1.java:39)
at org.test.testNG1.lanunchtheBrowser(testNG1.java:39)
at org.test.testNG1.lanunchtheBrowser(testNG1.java:39)
at org.test.testNG1.lanunchtheBrowser(testNG1.java:39)
at org.test.testNG1.lanunchtheBrowser(testNG1.java:39)
at org.test.testNG1.lanunchtheBrowser(testNG1.java:39)
at org.test.testNG1.lanunchtheBrowser(testNG1.java:39)
at org.test.testNG1.lanunchtheBrowser(testNG1.java:39)
at org.test.testNG1.lanunchtheBrowser(testNG1.java:39)
at org.test.testNG1.lanunchtheBrowser(testNG1.java:39)
at org.test.testNG1.lanunchtheBrowser(testNG1.java:39)
at org.test.testNG1.lanunchtheBrowser(testNG1.java:39)
at org.test.testNG1.lanunchtheBrowser(testNG1.java:39)
at org.test.testNG1.lanunchtheBrowser(testNG1.java:39)
at org.test.testNG1.lanunchtheBrowser(testNG1.java:39)
at org.test.testNG1.lanunchtheBrowser(testNG1.java:39)
at org.test.testNG1.lanunchtheBrowser(testNG1.java:39)
at org.test.testNG1.lanunchtheBrowser(testNG1.java:39)
at org.test.testNG1.lanunchtheBrowser(testNG1.java:39)
at org.test.testNG1.lanunchtheBrowser(testNG1.java:39)
at org.test.testNG1.lanunchtheBrowser(testNG1.java:39)
at org.test.testNG1.lanunchtheBrowser(testNG1.java:39)
at org.test.testNG1.lanunchtheBrowser(testNG1.java:39)
at org.test.testNG1.lanunchtheBrowser(testNG1.java:39)
at org.test.testNG1.lanunchtheBrowser(testNG1.java:39)
at org.test.testNG1.lanunchtheBrowser(testNG1.java:39)
at org.test.testNG1.lanunchtheBrowser(testNG1.java:39)
at org.test.testNG1.lanunchtheBrowser(testNG1.java:39)
at org.test.testNG1.lanunchtheBrowser(testNG1.java:39)
at org.test.testNG1.lanunchtheBrowser(testNG1.java:39)
at org.test.testNG1.lanunchtheBrowser(testNG1.java:39)
at org.test.testNG1.lanunchtheBrowser(testNG1.java:39)
at org.test.testNG1.lanunchtheBrowser(testNG1.java:39)
at org.test.testNG1.lanunchtheBrowser(testNG1.java:39)
at org.test.testNG1.lanunchtheBrowser(testNG1.java:39)
at org.test.testNG1.lanunchtheBrowser(testNG1.java:39)
at org.test.testNG1.lanunchtheBrowser(testNG1.java:39)
at org.test.testNG1.lanunchtheBrowser(testNG1.java:39)
at org.test.testNG1.lanunchtheBrowser(testNG1.java:39)
at org.test.testNG1.lanunchtheBrowser(testNG1.java:39)
at org.test.testNG1.lanunchtheBrowser(testNG1.java:39)
at org.test.testNG1.lanunchtheBrowser(testNG1.java:39)
at org.test.testNG1.lanunchtheBrowser(testNG1.java:39)
at org.test.testNG1.lanunchtheBrowser(testNG1.java:39)
at org.test.testNG1.lanunchtheBrowser(testNG1.java:39)
at org.test.testNG1.lanunchtheBrowser(testNG1.java:39)
at org.test.testNG1.lanunchtheBrowser(testNG1.java:39)
at org.test.testNG1.lanunchtheBrowser(testNG1.java:39)
at org.test.testNG1.lanunchtheBrowser(testNG1.java:39)
at org.test.testNG1.lanunchtheBrowser(testNG1.java:39)
at org.test.testNG1.lanunchtheBrowser(testNG1.java:39)
at org.test.testNG1.lanunchtheBrowser(testNG1.java:39)
at org.test.testNG1.lanunchtheBrowser(testNG1.java:39)
at org.test.testNG1.lanunchtheBrowser(testNG1.java:39)
at org.test.testNG1.lanunchtheBrowser(testNG1.java:39)
at org.test.testNG1.lanunchtheBrowser(testNG1.java:39)
at org.test.testNG1.lanunchtheBrowser(testNG1.java:39)
at org.test.testNG1.lanunchtheBrowser(testNG1.java:39)
at org.test.testNG1.lanunchtheBrowser(testNG1.java:39)
at org.test.testNG1.lanunchtheBrowser(testNG1.java:39)
at org.test.testNG1.lanunchtheBrowser(testNG1.java:39)
at org.test.testNG1.lanunchtheBrowser(testNG1.java:39)
at org.test.testNG1.lanunchtheBrowser(testNG1.java:39)
at org.test.testNG1.lanunchtheBrowser(testNG1.java:39)
at org.test.testNG1.lanunchtheBrowser(testNG1.java:39)
at org.test.testNG1.lanunchtheBrowser(testNG1.java:39)
at org.test.testNG1.lanunchtheBrowser(testNG1.java:39)
at org.test.testNG1.lanunchtheBrowser(testNG1.java:39)
at org.test.testNG1.lanunchtheBrowser(testNG1.java:39)
at org.test.testNG1.lanunchtheBrowser(testNG1.java:39)
at org.test.testNG1.lanunchtheBrowser(testNG1.java:39)
at org.test.testNG1.lanunchtheBrowser(testNG1.java:39)
at org.test.testNG1.lanunchtheBrowser(testNG1.java:39)
at org.test.testNG1.lanunchtheBrowser(testNG1.java:39)
at org.test.testNG1.lanunchtheBrowser(testNG1.java:39)
at org.test.testNG1.lanunchtheBrowser(testNG1.java:39)
at org.test.testNG1.lanunchtheBrowser(testNG1.java:39)
at org.test.testNG1.lanunchtheBrowser(testNG1.java:39)
at org.test.testNG1.lanunchtheBrowser(testNG1.java:39)
at org.test.testNG1.lanunchtheBrowser(testNG1.java:39)
at org.test.testNG1.lanunchtheBrowser(testNG1.java:39)
at org.test.testNG1.lanunchtheBrowser(testNG1.java:39)
at org.test.testNG1.lanunchtheBrowser(testNG1.java:39)
at org.test.testNG1.lanunchtheBrowser(testNG1.java:39)
at org.test.testNG1.lanunchtheBrowser(testNG1.java:39)
at org.test.testNG1.lanunchtheBrowser(testNG1.java:39)
at org.test.testNG1.lanunchtheBrowser(testNG1.java:39)
at org.test.testNG1.lanunchtheBrowser(testNG1.java:39)
at org.test.testNG1.lanunchtheBrowser(testNG1.java:39)
at org.test.testNG1.lanunchtheBrowser(testNG1.java:39)
at org.test.testNG1.lanunchtheBrowser(testNG1.java:39)
at org.test.testNG1.lanunchtheBrowser(testNG1.java:39)
at org.test.testNG1.lanunchtheBrowser(testNG1.java:39)
at org.test.testNG1.lanunchtheBrowser(testNG1.java:39)
at org.test.testNG1.lanunchtheBrowser(testNG1.java:39)
at org.test.testNG1.lanunchtheBrowser(testNG1.java:39)
at org.test.testNG1.lanunchtheBrowser(testNG1.java:39)
at org.test.testNG1.lanunchtheBrowser(testNG1.java:39)
at org.test.testNG1.lanunchtheBrowser(testNG1.java:39)
at org.test.testNG1.lanunchtheBrowser(testNG1.java:39)
at org.test.testNG1.lanunchtheBrowser(testNG1.java:39)
at org.test.testNG1.lanunchtheBrowser(testNG1.java:39)
at org.test.testNG1.lanunchtheBrowser(testNG1.java:39)
at org.test.testNG1.lanunchtheBrowser(testNG1.java:39)
at org.test.testNG1.lanunchtheBrowser(testNG1.java:39)
at org.test.testNG1.lanunchtheBrowser(testNG1.java:39)
at org.test.testNG1.lanunchtheBrowser(testNG1.java:39)
at org.test.testNG1.lanunchtheBrowser(testNG1.java:39)
at org.test.testNG1.lanunchtheBrowser(testNG1.java:39)
at org.test.testNG1.lanunchtheBrowser(testNG1.java:39)
at org.test.testNG1.lanunchtheBrowser(testNG1.java:39)
at org.test.testNG1.lanunchtheBrowser(testNG1.java:39)
at org.test.testNG1.lanunchtheBrowser(testNG1.java:39)
at org.test.testNG1.lanunchtheBrowser(testNG1.java:39)
at org.test.testNG1.lanunchtheBrowser(testNG1.java:39)
at org.test.testNG1.lanunchtheBrowser(testNG1.java:39)
at org.test.testNG1.lanunchtheBrowser(testNG1.java:39)
at org.test.testNG1.lanunchtheBrowser(testNG1.java:39)
at org.test.testNG1.lanunchtheBrowser(testNG1.java:39)
at org.test.testNG1.lanunchtheBrowser(testNG1.java:39)
at org.test.testNG1.lanunchtheBrowser(testNG1.java:39)
at org.test.testNG1.lanunchtheBrowser(testNG1.java:39)
at org.test.testNG1.lanunchtheBrowser(testNG1.java:39)
at org.test.testNG1.lanunchtheBrowser(testNG1.java:39)
at org.test.testNG1.lanunchtheBrowser(testNG1.java:39)
at org.test.testNG1.lanunchtheBrowser(testNG1.java:39)
at org.test.testNG1.lanunchtheBrowser(testNG1.java:39)
at org.test.testNG1.lanunchtheBrowser(testNG1.java:39)
at org.test.testNG1.lanunchtheBrowser(testNG1.java:39)
at org.test.testNG1.lanunchtheBrowser(testNG1.java:39)
at org.test.testNG1.lanunchtheBrowser(testNG1.java:39)
at org.test.testNG1.lanunchtheBrowser(testNG1.java:39)
at org.test.testNG1.lanunchtheBrowser(testNG1.java:39)
at org.test.testNG1.lanunchtheBrowser(testNG1.java:39)
at org.test.testNG1.lanunchtheBrowser(testNG1.java:39)
at org.test.testNG1.lanunchtheBrowser(testNG1.java:39)
at org.test.testNG1.lanunchtheBrowser(testNG1.java:39)
at org.test.testNG1.lanunchtheBrowser(testNG1.java:39)
at org.test.testNG1.lanunchtheBrowser(testNG1.java:39)
at org.test.testNG1.lanunchtheBrowser(testNG1.java:39)
at org.test.testNG1.lanunchtheBrowser(testNG1.java:39)
at org.test.testNG1.lanunchtheBrowser(testNG1.java:39)
at org.test.testNG1.lanunchtheBrowser(testNG1.java:39)
at org.test.testNG1.lanunchtheBrowser(testNG1.java:39)
at org.test.testNG1.lanunchtheBrowser(testNG1.java:39)
at org.test.testNG1.lanunchtheBrowser(testNG1.java:39)
at org.test.testNG1.lanunchtheBrowser(testNG1.java:39)
at org.test.testNG1.lanunchtheBrowser(testNG1.java:39)
at org.test.testNG1.lanunchtheBrowser(testNG1.java:39)
at org.test.testNG1.lanunchtheBrowser(testNG1.java:39)
at org.test.testNG1.lanunchtheBrowser(testNG1.java:39)
at org.test.testNG1.lanunchtheBrowser(testNG1.java:39)
at org.test.testNG1.lanunchtheBrowser(testNG1.java:39)
at org.test.testNG1.lanunchtheBrowser(testNG1.java:39)
at org.test.testNG1.lanunchtheBrowser(testNG1.java:39)
at org.test.testNG1.lanunchtheBrowser(testNG1.java:39)
at org.test.testNG1.lanunchtheBrowser(testNG1.java:39)
at org.test.testNG1.lanunchtheBrowser(testNG1.java:39)
at org.test.testNG1.lanunchtheBrowser(testNG1.java:39)
at org.test.testNG1.lanunchtheBrowser(testNG1.java:39)
at org.test.testNG1.lanunchtheBrowser(testNG1.java:39)
at org.test.testNG1.lanunchtheBrowser(testNG1.java:39)
at org.test.testNG1.lanunchtheBrowser(testNG1.java:39)
at org.test.testNG1.lanunchtheBrowser(testNG1.java:39)
at org.test.testNG1.lanunchtheBrowser(testNG1.java:39)
at org.test.testNG1.lanunchtheBrowser(testNG1.java:39)
at org.test.testNG1.lanunchtheBrowser(testNG1.java:39)
at org.test.testNG1.lanunchtheBrowser(testNG1.java:39)
at org.test.testNG1.lanunchtheBrowser(testNG1.java:39)
at org.test.testNG1.lanunchtheBrowser(testNG1.java:39)
at org.test.testNG1.lanunchtheBrowser(testNG1.java:39)
at org.test.testNG1.lanunchtheBrowser(testNG1.java:39)
at org.test.testNG1.lanunchtheBrowser(testNG1.java:39)
at org.test.testNG1.lanunchtheBrowser(testNG1.java:39)
at org.test.testNG1.lanunchtheBrowser(testNG1.java:39)
at org.test.testNG1.lanunchtheBrowser(testNG1.java:39)
at org.test.testNG1.lanunchtheBrowser(testNG1.java:39)
at org.test.testNG1.lanunchtheBrowser(testNG1.java:39)
at org.test.testNG1.lanunchtheBrowser(testNG1.java:39)
at org.test.testNG1.lanunchtheBrowser(testNG1.java:39)
at org.test.testNG1.lanunchtheBrowser(testNG1.java:39)
at org.test.testNG1.lanunchtheBrowser(testNG1.java:39)
at org.test.testNG1.lanunchtheBrowser(testNG1.java:39)
at org.test.testNG1.lanunchtheBrowser(testNG1.java:39)
at org.test.testNG1.lanunchtheBrowser(testNG1.java:39)
at org.test.testNG1.lanunchtheBrowser(testNG1.java:39)
at org.test.testNG1.lanunchtheBrowser(testNG1.java:39)
at org.test.testNG1.lanunchtheBrowser(testNG1.java:39)
at org.test.testNG1.lanunchtheBrowser(testNG1.java:39)
at org.test.testNG1.lanunchtheBrowser(testNG1.java:39)
at org.test.testNG1.lanunchtheBrowser(testNG1.java:39)
at org.test.testNG1.lanunchtheBrowser(testNG1.java:39)
at org.test.testNG1.lanunchtheBrowser(testNG1.java:39)
at org.test.testNG1.lanunchtheBrowser(testNG1.java:39)
at org.test.testNG1.lanunchtheBrowser(testNG1.java:39)
at org.test.testNG1.lanunchtheBrowser(testNG1.java:39)
at org.test.testNG1.lanunchtheBrowser(testNG1.java:39)
at org.test.testNG1.lanunchtheBrowser(testNG1.java:39)
at org.test.testNG1.lanunchtheBrowser(testNG1.java:39)
at org.test.testNG1.lanunchtheBrowser(testNG1.java:39)
at org.test.testNG1.lanunchtheBrowser(testNG1.java:39)
at org.test.testNG1.lanunchtheBrowser(testNG1.java:39)
at org.test.testNG1.lanunchtheBrowser(testNG1.java:39)
at org.test.testNG1.lanunchtheBrowser(testNG1.java:39)
at org.test.testNG1.lanunchtheBrowser(testNG1.java:39)
at org.test.testNG1.lanunchtheBrowser(testNG1.java:39)
at org.test.testNG1.lanunchtheBrowser(testNG1.java:39)
at org.test.testNG1.lanunchtheBrowser(testNG1.java:39)
at org.test.testNG1.lanunchtheBrowser(testNG1.java:39)
at org.test.testNG1.lanunchtheBrowser(testNG1.java:39)
at org.test.testNG1.lanunchtheBrowser(testNG1.java:39)
at org.test.testNG1.lanunchtheBrowser(testNG1.java:39)
at org.test.testNG1.lanunchtheBrowser(testNG1.java:39)
at org.test.testNG1.lanunchtheBrowser(testNG1.java:39)
at org.test.testNG1.lanunchtheBrowser(testNG1.java:39)
at org.test.testNG1.lanunchtheBrowser(testNG1.java:39)
at org.test.testNG1.lanunchtheBrowser(testNG1.java:39)
at org.test.testNG1.lanunchtheBrowser(testNG1.java:39)
at org.test.testNG1.lanunchtheBrowser(testNG1.java:39)
at org.test.testNG1.lanunchtheBrowser(testNG1.java:39)
at org.test.testNG1.lanunchtheBrowser(testNG1.java:39)
at org.test.testNG1.lanunchtheBrowser(testNG1.java:39)
at org.test.testNG1.lanunchtheBrowser(testNG1.java:39)
at org.test.testNG1.lanunchtheBrowser(testNG1.java:39)
at org.test.testNG1.lanunchtheBrowser(testNG1.java:39)
at org.test.testNG1.lanunchtheBrowser(testNG1.java:39)
at org.test.testNG1.lanunchtheBrowser(testNG1.java:39)
at org.test.testNG1.lanunchtheBrowser(testNG1.java:39)
at org.test.testNG1.lanunchtheBrowser(testNG1.java:39)
at org.test.testNG1.lanunchtheBrowser(testNG1.java:39)
at org.test.testNG1.lanunchtheBrowser(testNG1.java:39)
at org.test.testNG1.lanunchtheBrowser(testNG1.java:39)
at org.test.testNG1.lanunchtheBrowser(testNG1.java:39)
at org.test.testNG1.lanunchtheBrowser(testNG1.java:39)
at org.test.testNG1.lanunchtheBrowser(testNG1.java:39)
at org.test.testNG1.lanunchtheBrowser(testNG1.java:39)
at org.test.testNG1.lanunchtheBrowser(testNG1.java:39)
at org.test.testNG1.lanunchtheBrowser(testNG1.java:39)
at org.test.testNG1.lanunchtheBrowser(testNG1.java:39)
at org.test.testNG1.lanunchtheBrowser(testNG1.java:39)
at org.test.testNG1.lanunchtheBrowser(testNG1.java:39)
at org.test.testNG1.lanunchtheBrowser(testNG1.java:39)
at org.test.testNG1.lanunchtheBrowser(testNG1.java:39)
at org.test.testNG1.lanunchtheBrowser(testNG1.java:39)
at org.test.testNG1.lanunchtheBrowser(testNG1.java:39)
at org.test.testNG1.lanunchtheBrowser(testNG1.java:39)
at org.test.testNG1.lanunchtheBrowser(testNG1.java:39)
at org.test.testNG1.lanunchtheBrowser(testNG1.java:39)
at org.test.testNG1.lanunchtheBrowser(testNG1.java:39)
at org.test.testNG1.lanunchtheBrowser(testNG1.java:39)
at org.test.testNG1.lanunchtheBrowser(testNG1.java:39)
at org.test.testNG1.lanunchtheBrowser(testNG1.java:39)
at org.test.testNG1.lanunchtheBrowser(testNG1.java:39)
at org.test.testNG1.lanunchtheBrowser(testNG1.java:39)
at org.test.testNG1.lanunchtheBrowser(testNG1.java:39)
at org.test.testNG1.lanunchtheBrowser(testNG1.java:39)
at org.test.testNG1.lanunchtheBrowser(testNG1.java:39)
at org.test.testNG1.lanunchtheBrowser(testNG1.java:39)
at org.test.testNG1.lanunchtheBrowser(testNG1.java:39)
at org.test.testNG1.lanunchtheBrowser(testNG1.java:39)
at org.test.testNG1.lanunchtheBrowser(testNG1.java:39)
at org.test.testNG1.lanunchtheBrowser(testNG1.java:39)
at org.test.testNG1.lanunchtheBrowser(testNG1.java:39)
at org.test.testNG1.lanunchtheBrowser(testNG1.java:39)
at org.test.testNG1.lanunchtheBrowser(testNG1.java:39)
at org.test.testNG1.lanunchtheBrowser(testNG1.java:39)
at org.test.testNG1.lanunchtheBrowser(testNG1.java:39)
at org.test.testNG1.lanunchtheBrowser(testNG1.java:39)
at org.test.testNG1.lanunchtheBrowser(testNG1.java:39)
at org.test.testNG1.lanunchtheBrowser(testNG1.java:39)
at org.test.testNG1.lanunchtheBrowser(testNG1.java:39)
at org.test.testNG1.lanunchtheBrowser(testNG1.java:39)
at org.test.testNG1.lanunchtheBrowser(testNG1.java:39)
at org.test.testNG1.lanunchtheBrowser(testNG1.java:39)
at org.test.testNG1.lanunchtheBrowser(testNG1.java:39)
at org.test.testNG1.lanunchtheBrowser(testNG1.java:39)
at org.test.testNG1.lanunchtheBrowser(testNG1.java:39)
at org.test.testNG1.lanunchtheBrowser(testNG1.java:39)
at org.test.testNG1.lanunchtheBrowser(testNG1.java:39)
at org.test.testNG1.lanunchtheBrowser(testNG1.java:39)
at org.test.testNG1.lanunchtheBrowser(testNG1.java:39)
at org.test.testNG1.lanunchtheBrowser(testNG1.java:39)
at org.test.testNG1.lanunchtheBrowser(testNG1.java:39)
at org.test.testNG1.lanunchtheBrowser(testNG1.java:39)
at org.test.testNG1.lanunchtheBrowser(testNG1.java:39)
at org.test.testNG1.lanunchtheBrowser(testNG1.java:39)
at org.test.testNG1.lanunchtheBrowser(testNG1.java:39)
at org.test.testNG1.lanunchtheBrowser(testNG1.java:39)
at org.test.testNG1.lanunchtheBrowser(testNG1.java:39)
at org.test.testNG1.lanunchtheBrowser(testNG1.java:39)
at org.test.testNG1.lanunchtheBrowser(testNG1.java:39)
at org.test.testNG1.lanunchtheBrowser(testNG1.java:39)
at org.test.testNG1.lanunchtheBrowser(testNG1.java:39)
at org.test.testNG1.lanunchtheBrowser(testNG1.java:39)
at org.test.testNG1.lanunchtheBrowser(testNG1.java:39)
at org.test.testNG1.lanunchtheBrowser(testNG1.java:39)
at org.test.testNG1.lanunchtheBrowser(testNG1.java:39)
at org.test.testNG1.lanunchtheBrowser(testNG1.java:39)
at org.test.testNG1.lanunchtheBrowser(testNG1.java:39)
at org.test.testNG1.lanunchtheBrowser(testNG1.java:39)
at org.test.testNG1.lanunchtheBrowser(testNG1.java:39)
at org.test.testNG1.lanunchtheBrowser(testNG1.java:39)
at org.test.testNG1.lanunchtheBrowser(testNG1.java:39)
at org.test.testNG1.lanunchtheBrowser(testNG1.java:39)
at org.test.testNG1.lanunchtheBrowser(testNG1.java:39)
at org.test.testNG1.lanunchtheBrowser(testNG1.java:39)
at org.test.testNG1.lanunchtheBrowser(testNG1.java:39)
at org.test.testNG1.lanunchtheBrowser(testNG1.java:39)
at org.test.testNG1.lanunchtheBrowser(testNG1.java:39)
at org.test.testNG1.lanunchtheBrowser(testNG1.java:39)
at org.test.testNG1.lanunchtheBrowser(testNG1.java:39)
at org.test.testNG1.lanunchtheBrowser(testNG1.java:39)
at org.test.testNG1.lanunchtheBrowser(testNG1.java:39)
at org.test.testNG1.lanunchtheBrowser(testNG1.java:39)
at org.test.testNG1.lanunchtheBrowser(testNG1.java:39)
at org.test.testNG1.lanunchtheBrowser(testNG1.java:39)
at org.test.testNG1.lanunchtheBrowser(testNG1.java:39)
at org.test.testNG1.lanunchtheBrowser(testNG1.java:39)
at org.test.testNG1.lanunchtheBrowser(testNG1.java:39)
at org.test.testNG1.lanunchtheBrowser(testNG1.java:39)
at org.test.testNG1.lanunchtheBrowser(testNG1.java:39)
at org.test.testNG1.lanunchtheBrowser(testNG1.java:39)
at org.test.testNG1.lanunchtheBrowser(testNG1.java:39)
at org.test.testNG1.lanunchtheBrowser(testNG1.java:39)
at org.test.testNG1.lanunchtheBrowser(testNG1.java:39)
at org.test.testNG1.lanunchtheBrowser(testNG1.java:39)
at org.test.testNG1.lanunchtheBrowser(testNG1.java:39)
at org.test.testNG1.lanunchtheBrowser(testNG1.java:39)
at org.test.testNG1.lanunchtheBrowser(testNG1.java:39)
at org.test.testNG1.lanunchtheBrowser(testNG1.java:39)
at org.test.testNG1.lanunchtheBrowser(testNG1.java:39)
at org.test.testNG1.lanunchtheBrowser(testNG1.java:39)
at org.test.testNG1.lanunchtheBrowser(testNG1.java:39)
at org.test.testNG1.lanunchtheBrowser(testNG1.java:39)
at org.test.testNG1.lanunchtheBrowser(testNG1.java:39)
at org.test.testNG1.lanunchtheBrowser(testNG1.java:39)
at org.test.testNG1.lanunchtheBrowser(testNG1.java:39)
at org.test.testNG1.lanunchtheBrowser(testNG1.java:39)
at org.test.testNG1.lanunchtheBrowser(testNG1.java:39)
at org.test.testNG1.lanunchtheBrowser(testNG1.java:39)
at org.test.testNG1.lanunchtheBrowser(testNG1.java:39)
at org.test.testNG1.lanunchtheBrowser(testNG1.java:39)
at org.test.testNG1.lanunchtheBrowser(testNG1.java:39)
at org.test.testNG1.lanunchtheBrowser(testNG1.java:39)
at org.test.testNG1.lanunchtheBrowser(testNG1.java:39)
at org.test.testNG1.lanunchtheBrowser(testNG1.java:39)
at org.test.testNG1.lanunchtheBrowser(testNG1.java:39)
at org.test.testNG1.lanunchtheBrowser(testNG1.java:39)
at org.test.testNG1.lanunchtheBrowser(testNG1.java:39)
at org.test.testNG1.lanunchtheBrowser(testNG1.java:39)
at org.test.testNG1.lanunchtheBrowser(testNG1.java:39)
at org.test.testNG1.lanunchtheBrowser(testNG1.java:39)
at org.test.testNG1.lanunchtheBrowser(testNG1.java:39)
at org.test.testNG1.lanunchtheBrowser(testNG1.java:39)
at org.test.testNG1.lanunchtheBrowser(testNG1.java:39)
at org.test.testNG1.lanunchtheBrowser(testNG1.java:39)
at org.test.testNG1.lanunchtheBrowser(testNG1.java:39)
at org.test.testNG1.lanunchtheBrowser(testNG1.java:39)
at org.test.testNG1.lanunchtheBrowser(testNG1.java:39)
at org.test.testNG1.lanunchtheBrowser(testNG1.java:39)
at org.test.testNG1.lanunchtheBrowser(testNG1.java:39)
at org.test.testNG1.lanunchtheBrowser(testNG1.java:39)
at org.test.testNG1.lanunchtheBrowser(testNG1.java:39)
at org.test.testNG1.lanunchtheBrowser(testNG1.java:39)
at org.test.testNG1.lanunchtheBrowser(testNG1.java:39)
at org.test.testNG1.lanunchtheBrowser(testNG1.java:39)
at org.test.testNG1.lanunchtheBrowser(testNG1.java:39)
at org.test.testNG1.lanunchtheBrowser(testNG1.java:39)
at org.test.testNG1.lanunchtheBrowser(testNG1.java:39)
at org.test.testNG1.lanunchtheBrowser(testNG1.java:39)
at org.test.testNG1.lanunchtheBrowser(testNG1.java:39)
at org.test.testNG1.lanunchtheBrowser(testNG1.java:39)
at org.test.testNG1.lanunchtheBrowser(testNG1.java:39)
at org.test.testNG1.lanunchtheBrowser(testNG1.java:39)
at org.test.testNG1.lanunchtheBrowser(testNG1.java:39)
at org.test.testNG1.lanunchtheBrowser(testNG1.java:39)
at org.test.testNG1.lanunchtheBrowser(testNG1.java:39)
at org.test.testNG1.lanunchtheBrowser(testNG1.java:39)
at org.test.testNG1.lanunchtheBrowser(testNG1.java:39)
at org.test.testNG1.lanunchtheBrowser(testNG1.java:39)
at org.test.testNG1.lanunchtheBrowser(testNG1.java:39)
at org.test.testNG1.lanunchtheBrowser(testNG1.java:39)
at org.test.testNG1.lanunchtheBrowser(testNG1.java:39)
at org.test.testNG1.lanunchtheBrowser(testNG1.java:39)
at org.test.testNG1.lanunchtheBrowser(testNG1.java:39)
at org.test.testNG1.lanunchtheBrowser(testNG1.java:39)
at org.test.testNG1.lanunchtheBrowser(testNG1.java:39)
at org.test.testNG1.lanunchtheBrowser(testNG1.java:39)
at org.test.testNG1.lanunchtheBrowser(testNG1.java:39)
at org.test.testNG1.lanunchtheBrowser(testNG1.java:39)
at org.test.testNG1.lanunchtheBrowser(testNG1.java:39)
at org.test.testNG1.lanunchtheBrowser(testNG1.java:39)
at org.test.testNG1.lanunchtheBrowser(testNG1.java:39)
at org.test.testNG1.lanunchtheBrowser(testNG1.java:39)
at org.test.testNG1.lanunchtheBrowser(testNG1.java:39)
at org.test.testNG1.lanunchtheBrowser(testNG1.java:39)
at org.test.testNG1.lanunchtheBrowser(testNG1.java:39)
at org.test.testNG1.lanunchtheBrowser(testNG1.java:39)
at org.test.testNG1.lanunchtheBrowser(testNG1.java:39)
at org.test.testNG1.lanunchtheBrowser(testNG1.java:39)
at org.test.testNG1.lanunchtheBrowser(testNG1.java:39)
at org.test.testNG1.lanunchtheBrowser(testNG1.java:39)
at org.test.testNG1.lanunchtheBrowser(testNG1.java:39)
at org.test.testNG1.lanunchtheBrowser(testNG1.java:39)
at org.test.testNG1.lanunchtheBrowser(testNG1.java:39)
at org.test.testNG1.lanunchtheBrowser(testNG1.java:39)
at org.test.testNG1.lanunchtheBrowser(testNG1.java:39)
at org.test.testNG1.lanunchtheBrowser(testNG1.java:39)
at org.test.testNG1.lanunchtheBrowser(testNG1.java:39)
at org.test.testNG1.lanunchtheBrowser(testNG1.java:39)
at org.test.testNG1.lanunchtheBrowser(testNG1.java:39)
at org.test.testNG1.lanunchtheBrowser(testNG1.java:39)
at org.test.testNG1.lanunchtheBrowser(testNG1.java:39)
at org.test.testNG1.lanunchtheBrowser(testNG1.java:39)
at org.test.testNG1.lanunchtheBrowser(testNG1.java:39)
at org.test.testNG1.lanunchtheBrowser(testNG1.java:39)
at org.test.testNG1.lanunchtheBrowser(testNG1.java:39)
at org.test.testNG1.lanunchtheBrowser(testNG1.java:39)
at org.test.testNG1.lanunchtheBrowser(testNG1.java:39)
at org.test.testNG1.lanunchtheBrowser(testNG1.java:39)
at org.test.testNG1.lanunchtheBrowser(testNG1.java:39)
at org.test.testNG1.lanunchtheBrowser(testNG1.java:39)
at org.test.testNG1.lanunchtheBrowser(testNG1.java:39)
at org.test.testNG1.lanunchtheBrowser(testNG1.java:39)
at org.test.testNG1.lanunchtheBrowser(testNG1.java:39)
at org.test.testNG1.lanunchtheBrowser(testNG1.java:39)
at org.test.testNG1.lanunchtheBrowser(testNG1.java:39)
at org.test.testNG1.lanunchtheBrowser(testNG1.java:39)
at org.test.testNG1.lanunchtheBrowser(testNG1.java:39)
at org.test.testNG1.lanunchtheBrowser(testNG1.java:39)
at org.test.testNG1.lanunchtheBrowser(testNG1.java:39)
at org.test.testNG1.lanunchtheBrowser(testNG1.java:39)
at org.test.testNG1.lanunchtheBrowser(testNG1.java:39)
at org.test.testNG1.lanunchtheBrowser(testNG1.java:39)
at org.test.testNG1.lanunchtheBrowser(testNG1.java:39)
at org.test.testNG1.lanunchtheBrowser(testNG1.java:39)
at org.test.testNG1.lanunchtheBrowser(testNG1.java:39)
at org.test.testNG1.lanunchtheBrowser(testNG1.java:39)
at org.test.testNG1.lanunchtheBrowser(testNG1.java:39)
at org.test.testNG1.lanunchtheBrowser(testNG1.java:39)
at org.test.testNG1.lanunchtheBrowser(testNG1.java:39)
at org.test.testNG1.lanunchtheBrowser(testNG1.java:39)
at org.test.testNG1.lanunchtheBrowser(testNG1.java:39)
at org.test.testNG1.lanunchtheBrowser(testNG1.java:39)
at org.test.testNG1.lanunchtheBrowser(testNG1.java:39)
at org.test.testNG1.lanunchtheBrowser(testNG1.java:39)
at org.test.testNG1.lanunchtheBrowser(testNG1.java:39)
at org.test.testNG1.lanunchtheBrowser(testNG1.java:39)
at org.test.testNG1.lanunchtheBrowser(testNG1.java:39)
at org.test.testNG1.lanunchtheBrowser(testNG1.java:39)
at org.test.testNG1.lanunchtheBrowser(testNG1.java:39)
at org.test.testNG1.lanunchtheBrowser(testNG1.java:39)
at org.test.testNG1.lanunchtheBrowser(testNG1.java:39)
at org.test.testNG1.lanunchtheBrowser(testNG1.java:39)
at org.test.testNG1.lanunchtheBrowser(testNG1.java:39)
at org.test.testNG1.lanunchtheBrowser(testNG1.java:39)
at org.test.testNG1.lanunchtheBrowser(testNG1.java:39)
at org.test.testNG1.lanunchtheBrowser(testNG1.java:39)
at org.test.testNG1.lanunchtheBrowser(testNG1.java:39)
at org.test.testNG1.lanunchtheBrowser(testNG1.java:39)
at org.test.testNG1.lanunchtheBrowser(testNG1.java:39)
at org.test.testNG1.lanunchtheBrowser(testNG1.java:39)
at org.test.testNG1.lanunchtheBrowser(testNG1.java:39)
at org.test.testNG1.lanunchtheBrowser(testNG1.java:39)
at org.test.testNG1.lanunchtheBrowser(testNG1.java:39)
at org.test.testNG1.lanunchtheBrowser(testNG1.java:39)
at org.test.testNG1.lanunchtheBrowser(testNG1.java:39)
at org.test.testNG1.lanunchtheBrowser(testNG1.java:39)
at org.test.testNG1.lanunchtheBrowser(testNG1.java:39)
at org.test.testNG1.lanunchtheBrowser(testNG1.java:39)
at org.test.testNG1.lanunchtheBrowser(testNG1.java:39)
at org.test.testNG1.lanunchtheBrowser(testNG1.java:39)
at org.test.testNG1.lanunchtheBrowser(testNG1.java:39)
at org.test.testNG1.lanunchtheBrowser(testNG1.java:39)
at org.test.testNG1.lanunchtheBrowser(testNG1.java:39)
at org.test.testNG1.lanunchtheBrowser(testNG1.java:39)
at org.test.testNG1.lanunchtheBrowser(testNG1.java:39)
at org.test.testNG1.lanunchtheBrowser(testNG1.java:39)
at org.test.testNG1.lanunchtheBrowser(testNG1.java:39)
at org.test.testNG1.lanunchtheBrowser(testNG1.java:39)
at org.test.testNG1.lanunchtheBrowser(testNG1.java:39)
at org.test.testNG1.lanunchtheBrowser(testNG1.java:39)
at org.test.testNG1.lanunchtheBrowser(testNG1.java:39)
at org.test.testNG1.lanunchtheBrowser(testNG1.java:39)
at org.test.testNG1.lanunchtheBrowser(testNG1.java:39)
at org.test.testNG1.lanunchtheBrowser(testNG1.java:39)
at org.test.testNG1.lanunchtheBrowser(testNG1.java:39)
at org.test.testNG1.lanunchtheBrowser(testNG1.java:39)
at org.test.testNG1.lanunchtheBrowser(testNG1.java:39)
at org.test.testNG1.lanunchtheBrowser(testNG1.java:39)
at org.test.testNG1.lanunchtheBrowser(testNG1.java:39)
at org.test.testNG1.lanunchtheBrowser(testNG1.java:39)
at org.test.testNG1.lanunchtheBrowser(testNG1.java:39)
at org.test.testNG1.lanunchtheBrowser(testNG1.java:39)
at org.test.testNG1.lanunchtheBrowser(testNG1.java:39)
at org.test.testNG1.lanunchtheBrowser(testNG1.java:39)
at org.test.testNG1.lanunchtheBrowser(testNG1.java:39)
at org.test.testNG1.lanunchtheBrowser(testNG1.java:39)
at org.test.testNG1.lanunchtheBrowser(testNG1.java:39)
at org.test.testNG1.lanunchtheBrowser(testNG1.java:39)
at org.test.testNG1.lanunchtheBrowser(testNG1.java:39)
at org.test.testNG1.lanunchtheBrowser(testNG1.java:39)
at org.test.testNG1.lanunchtheBrowser(testNG1.java:39)
at org.test.testNG1.lanunchtheBrowser(testNG1.java:39)
at org.test.testNG1.lanunchtheBrowser(testNG1.java:39)
at org.test.testNG1.lanunchtheBrowser(testNG1.java:39)
at org.test.testNG1.lanunchtheBrowser(testNG1.java:39)
at org.test.testNG1.lanunchtheBrowser(testNG1.java:39)
at org.test.testNG1.lanunchtheBrowser(testNG1.java:39)
at org.test.testNG1.lanunchtheBrowser(testNG1.java:39)
at org.test.testNG1.lanunchtheBrowser(testNG1.java:39)
at org.test.testNG1.lanunchtheBrowser(testNG1.java:39)
at org.test.testNG1.lanunchtheBrowser(testNG1.java:39)
at org.test.testNG1.lanunchtheBrowser(testNG1.java:39)
at org.test.testNG1.lanunchtheBrowser(testNG1.java:39)
at org.test.testNG1.lanunchtheBrowser(testNG1.java:39)
at org.test.testNG1.lanunchtheBrowser(testNG1.java:39)
at org.test.testNG1.lanunchtheBrowser(testNG1.java:39)
at org.test.testNG1.lanunchtheBrowser(testNG1.java:39)
at org.test.testNG1.lanunchtheBrowser(testNG1.java:39)
at org.test.testNG1.lanunchtheBrowser(testNG1.java:39)
at org.test.testNG1.lanunchtheBrowser(testNG1.java:39)
at org.test.testNG1.lanunchtheBrowser(testNG1.java:39)
at org.test.testNG1.lanunchtheBrowser(testNG1.java:39)
at org.test.testNG1.lanunchtheBrowser(testNG1.java:39)
at org.test.testNG1.lanunchtheBrowser(testNG1.java:39)
at org.test.testNG1.lanunchtheBrowser(testNG1.java:39)
at org.test.testNG1.lanunchtheBrowser(testNG1.java:39)
at org.test.testNG1.lanunchtheBrowser(testNG1.java:39)
at org.test.testNG1.lanunchtheBrowser(testNG1.java:39)
at org.test.testNG1.lanunchtheBrowser(testNG1.java:39)
at org.test.testNG1.lanunchtheBrowser(testNG1.java:39)
at org.test.testNG1.lanunchtheBrowser(testNG1.java:39)
at org.test.testNG1.lanunchtheBrowser(testNG1.java:39)
at org.test.testNG1.lanunchtheBrowser(testNG1.java:39)
at org.test.testNG1.lanunchtheBrowser(testNG1.java:39)
at org.test.testNG1.lanunchtheBrowser(testNG1.java:39)
at org.test.testNG1.lanunchtheBrowser(testNG1.java:39)
at org.test.testNG1.lanunchtheBrowser(testNG1.java:39)
at org.test.testNG1.lanunchtheBrowser(testNG1.java:39)
at org.test.testNG1.lanunchtheBrowser(testNG1.java:39)
at org.test.testNG1.lanunchtheBrowser(testNG1.java:39)
at org.test.testNG1.lanunchtheBrowser(testNG1.java:39)
at org.test.testNG1.lanunchtheBrowser(testNG1.java:39)
at org.test.testNG1.lanunchtheBrowser(testNG1.java:39)
at org.test.testNG1.lanunchtheBrowser(testNG1.java:39)
at org.test.testNG1.lanunchtheBrowser(testNG1.java:39)
at org.test.testNG1.lanunchtheBrowser(testNG1.java:39)
at org.test.testNG1.lanunchtheBrowser(testNG1.java:39)
at org.test.testNG1.lanunchtheBrowser(testNG1.java:39)
at org.test.testNG1.lanunchtheBrowser(testNG1.java:39)
at org.test.testNG1.lanunchtheBrowser(testNG1.java:39)
at org.test.testNG1.lanunchtheBrowser(testNG1.java:39)
at org.test.testNG1.lanunchtheBrowser(testNG1.java:39)
at org.test.testNG1.lanunchtheBrowser(testNG1.java:39)
at org.test.testNG1.lanunchtheBrowser(testNG1.java:39)
at org.test.testNG1.lanunchtheBrowser(testNG1.java:39)
at org.test.testNG1.lanunchtheBrowser(testNG1.java:39)
at org.test.testNG1.lanunchtheBrowser(testNG1.java:39)
at org.test.testNG1.lanunchtheBrowser(testNG1.java:39)
at org.test.testNG1.lanunchtheBrowser(testNG1.java:39)
at org.test.testNG1.lanunchtheBrowser(testNG1.java:39)
at org.test.testNG1.lanunchtheBrowser(testNG1.java:39)
at org.test.testNG1.lanunchtheBrowser(testNG1.java:39)
at org.test.testNG1.lanunchtheBrowser(testNG1.java:39)
at org.test.testNG1.lanunchtheBrowser(testNG1.java:39)
at org.test.testNG1.lanunchtheBrowser(testNG1.java:39)
at org.test.testNG1.lanunchtheBrowser(testNG1.java:39)
at org.test.testNG1.lanunchtheBrowser(testNG1.java:39)
at org.test.testNG1.lanunchtheBrowser(testNG1.java:39)
at org.test.testNG1.lanunchtheBrowser(testNG1.java:39)
at org.test.testNG1.lanunchtheBrowser(testNG1.java:39)
at org.test.testNG1.lanunchtheBrowser(testNG1.java:39)
at org.test.testNG1.lanunchtheBrowser(testNG1.java:39)
at org.test.testNG1.lanunchtheBrowser(testNG1.java:39)
at org.test.testNG1.lanunchtheBrowser(testNG1.java:39)
at org.test.testNG1.lanunchtheBrowser(testNG1.java:39)
at org.test.testNG1.lanunchtheBrowser(testNG1.java:39)
at org.test.testNG1.lanunchtheBrowser(testNG1.java:39)
at org.test.testNG1.lanunchtheBrowser(testNG1.java:39)
at org.test.testNG1.lanunchtheBrowser(testNG1.java:39)
at org.test.testNG1.lanunchtheBrowser(testNG1.java:39)
at org.test.testNG1.lanunchtheBrowser(testNG1.java:39)
at org.test.testNG1.lanunchtheBrowser(testNG1.java:39)
at org.test.testNG1.lanunchtheBrowser(testNG1.java:39)
at org.test.testNG1.lanunchtheBrowser(testNG1.java:39)
at org.test.testNG1.lanunchtheBrowser(testNG1.java:39)
at org.test.testNG1.lanunchtheBrowser(testNG1.java:39)
at org.test.testNG1.lanunchtheBrowser(testNG1.java:39)
at org.test.testNG1.lanunchtheBrowser(testNG1.java:39)
at org.test.testNG1.lanunchtheBrowser(testNG1.java:39)
at org.test.testNG1.lanunchtheBrowser(testNG1.java:39)
at org.test.testNG1.lanunchtheBrowser(testNG1.java:39)
at org.test.testNG1.lanunchtheBrowser(testNG1.java:39)
at org.test.testNG1.lanunchtheBrowser(testNG1.java:39)
at org.test.testNG1.lanunchtheBrowser(testNG1.java:39)
at org.test.testNG1.lanunchtheBrowser(testNG1.java:39)
at org.test.testNG1.lanunchtheBrowser(testNG1.java:39)
at org.test.testNG1.lanunchtheBrowser(testNG1.java:39)
at org.test.testNG1.lanunchtheBrowser(testNG1.java:39)
at org.test.testNG1.lanunchtheBrowser(testNG1.java:39)
at org.test.testNG1.lanunchtheBrowser(testNG1.java:39)
at org.test.testNG1.lanunchtheBrowser(testNG1.java:39)
at org.test.testNG1.lanunchtheBrowser(testNG1.java:39)
at org.test.testNG1.lanunchtheBrowser(testNG1.java:39)
at org.test.testNG1.lanunchtheBrowser(testNG1.java:39)
at org.test.testNG1.lanunchtheBrowser(testNG1.java:39)
at org.test.testNG1.lanunchtheBrowser(testNG1.java:39)
at org.test.testNG1.lanunchtheBrowser(testNG1.java:39)
at org.test.testNG1.lanunchtheBrowser(testNG1.java:39)
at org.test.testNG1.lanunchtheBrowser(testNG1.java:39)
at org.test.testNG1.lanunchtheBrowser(testNG1.java:39)
at org.test.testNG1.lanunchtheBrowser(testNG1.java:39)
at org.test.testNG1.lanunchtheBrowser(testNG1.java:39)
at org.test.testNG1.lanunchtheBrowser(testNG1.java:39)
at org.test.testNG1.lanunchtheBrowser(testNG1.java:39)
at org.test.testNG1.lanunchtheBrowser(testNG1.java:39)
at org.test.testNG1.lanunchtheBrowser(testNG1.java:39)
at org.test.testNG1.lanunchtheBrowser(testNG1.java:39)
at org.test.testNG1.lanunchtheBrowser(testNG1.java:39)
at org.test.testNG1.lanunchtheBrowser(testNG1.java:39)
at org.test.testNG1.lanunchtheBrowser(testNG1.java:39)
at org.test.testNG1.lanunchtheBrowser(testNG1.java:39)
at org.test.testNG1.lanunchtheBrowser(testNG1.java:39)
at org.test.testNG1.lanunchtheBrowser(testNG1.java:39)
at org.test.testNG1.lanunchtheBrowser(testNG1.java:39)
at org.test.testNG1.lanunchtheBrowser(testNG1.java:39)
at org.test.testNG1.lanunchtheBrowser(testNG1.java:39)
at org.test.testNG1.lanunchtheBrowser(testNG1.java:39)
at org.test.testNG1.lanunchtheBrowser(testNG1.java:39)
at org.test.testNG1.lanunchtheBrowser(testNG1.java:39)
at org.test.testNG1.lanunchtheBrowser(testNG1.java:39)
at org.test.testNG1.lanunchtheBrowser(testNG1.java:39)
at org.test.testNG1.lanunchtheBrowser(testNG1.java:39)
at org.test.testNG1.lanunchtheBrowser(testNG1.java:39)
at org.test.testNG1.lanunchtheBrowser(testNG1.java:39)
at org.test.testNG1.lanunchtheBrowser(testNG1.java:39)
at org.test.testNG1.lanunchtheBrowser(testNG1.java:39)
at org.test.testNG1.lanunchtheBrowser(testNG1.java:39)
at org.test.testNG1.lanunchtheBrowser(testNG1.java:39)
at org.test.testNG1.lanunchtheBrowser(testNG1.java:39)
at org.test.testNG1.lanunchtheBrowser(testNG1.java:39)
at org.test.testNG1.lanunchtheBrowser(testNG1.java:39)
at org.test.testNG1.lanunchtheBrowser(testNG1.java:39)
at org.test.testNG1.lanunchtheBrowser(testNG1.java:39)
at org.test.testNG1.lanunchtheBrowser(testNG1.java:39)
at org.test.testNG1.lanunchtheBrowser(testNG1.java:39)
at org.test.testNG1.lanunchtheBrowser(testNG1.java:39)
at org.test.testNG1.lanunchtheBrowser(testNG1.java:39)
at org.test.testNG1.lanunchtheBrowser(testNG1.java:39)
at org.test.testNG1.lanunchtheBrowser(testNG1.java:39)
at org.test.testNG1.lanunchtheBrowser(testNG1.java:39)
at org.test.testNG1.lanunchtheBrowser(testNG1.java:39)
at org.test.testNG1.lanunchtheBrowser(testNG1.java:39)
at org.test.testNG1.lanunchtheBrowser(testNG1.java:39)
at org.test.testNG1.lanunchtheBrowser(testNG1.java:39)
at org.test.testNG1.lanunchtheBrowser(testNG1.java:39)
at org.test.testNG1.lanunchtheBrowser(testNG1.java:39)
at org.test.testNG1.lanunchtheBrowser(testNG1.java:39)
at org.test.testNG1.lanunchtheBrowser(testNG1.java:39)
at org.test.testNG1.lanunchtheBrowser(testNG1.java:39)
at org.test.testNG1.lanunchtheBrowser(testNG1.java:39)
at org.test.testNG1.lanunchtheBrowser(testNG1.java:39)
at org.test.testNG1.lanunchtheBrowser(testNG1.java:39)
at org.test.testNG1.lanunchtheBrowser(testNG1.java:39)
at org.test.testNG1.lanunchtheBrowser(testNG1.java:39)
at org.test.testNG1.lanunchtheBrowser(testNG1.java:39)
at org.test.testNG1.lanunchtheBrowser(testNG1.java:39)
at org.test.testNG1.lanunchtheBrowser(testNG1.java:39)
at org.test.testNG1.lanunchtheBrowser(testNG1.java:39)
at org.test.testNG1.lanunchtheBrowser(testNG1.java:39)
at org.test.testNG1.lanunchtheBrowser(testNG1.java:39)
at org.test.testNG1.lanunchtheBrowser(testNG1.java:39)
at org.test.testNG1.lanunchtheBrowser(testNG1.java:39)
at org.test.testNG1.lanunchtheBrowser(testNG1.java:39)
at org.test.testNG1.lanunchtheBrowser(testNG1.java:39)
at org.test.testNG1.lanunchtheBrowser(testNG1.java:39)
at org.test.testNG1.lanunchtheBrowser(testNG1.java:39)
at org.test.testNG1.lanunchtheBrowser(testNG1.java:39)
at org.test.testNG1.lanunchtheBrowser(testNG1.java:39)
at org.test.testNG1.lanunchtheBrowser(testNG1.java:39)
at org.test.testNG1.lanunchtheBrowser(testNG1.java:39)
at org.test.testNG1.lanunchtheBrowser(testNG1.java:39)
at org.test.testNG1.lanunchtheBrowser(testNG1.java:39)
at org.test.testNG1.lanunchtheBrowser(testNG1.java:39)
at org.test.testNG1.lanunchtheBrowser(testNG1.java:39)
at org.test.testNG1.lanunchtheBrowser(testNG1.java:39)
at org.test.testNG1.lanunchtheBrowser(testNG1.java:39)
at org.test.testNG1.lanunchtheBrowser(testNG1.java:39)
at org.test.testNG1.lanunchtheBrowser(testNG1.java:39)
at org.test.testNG1.lanunchtheBrowser(testNG1.java:39)
at org.test.testNG1.lanunchtheBrowser(testNG1.java:39)
at org.test.testNG1.lanunchtheBrowser(testNG1.java:39)
at org.test.testNG1.lanunchtheBrowser(testNG1.java:39)
at org.test.testNG1.lanunchtheBrowser(testNG1.java:39)
at org.test.testNG1.lanunchtheBrowser(testNG1.java:39)
at org.test.testNG1.lanunchtheBrowser(testNG1.java:39)
at org.test.testNG1.lanunchtheBrowser(testNG1.java:39)
at org.test.testNG1.lanunchtheBrowser(testNG1.java:39)
at org.test.testNG1.lanunchtheBrowser(testNG1.java:39)
at org.test.testNG1.lanunchtheBrowser(testNG1.java:39)
at org.test.testNG1.lanunchtheBrowser(testNG1.java:39)
at org.test.testNG1.lanunchtheBrowser(testNG1.java:39)
at org.test.testNG1.lanunchtheBrowser(testNG1.java:39)
at org.test.testNG1.lanunchtheBrowser(testNG1.java:39)
at org.test.testNG1.lanunchtheBrowser(testNG1.java:39)
at org.test.testNG1.lanunchtheBrowser(testNG1.java:39)
at org.test.testNG1.lanunchtheBrowser(testNG1.java:39)
at org.test.testNG1.lanunchtheBrowser(testNG1.java:39)
at org.test.testNG1.lanunchtheBrowser(testNG1.java:39)
at org.test.testNG1.lanunchtheBrowser(testNG1.java:39)
at org.test.testNG1.lanunchtheBrowser(testNG1.java:39)
at org.test.testNG1.lanunchtheBrowser(testNG1.java:39)
at org.test.testNG1.lanunchtheBrowser(testNG1.java:39)
at org.test.testNG1.lanunchtheBrowser(testNG1.java:39)
at org.test.testNG1.lanunchtheBrowser(testNG1.java:39)
at org.test.testNG1.lanunchtheBrowser(testNG1.java:39)
at org.test.testNG1.lanunchtheBrowser(testNG1.java:39)
at org.test.testNG1.lanunchtheBrowser(testNG1.java:39)
at org.test.testNG1.lanunchtheBrowser(testNG1.java:39)
at org.test.testNG1.lanunchtheBrowser(testNG1.java:39)
at org.test.testNG1.lanunchtheBrowser(testNG1.java:39)
at org.test.testNG1.lanunchtheBrowser(testNG1.java:39)
at org.test.testNG1.lanunchtheBrowser(testNG1.java:39)
at org.test.testNG1.lanunchtheBrowser(testNG1.java:39)
at org.test.testNG1.lanunchtheBrowser(testNG1.java:39)
at org.test.testNG1.lanunchtheBrowser(testNG1.java:39)
at org.test.testNG1.lanunchtheBrowser(testNG1.java:39)
at org.test.testNG1.lanunchtheBrowser(testNG1.java:39)
at org.test.testNG1.lanunchtheBrowser(testNG1.java:39)
at org.test.testNG1.lanunchtheBrowser(testNG1.java:39)
at org.test.testNG1.lanunchtheBrowser(testNG1.java:39)
at org.test.testNG1.lanunchtheBrowser(testNG1.java:39)
at org.test.testNG1.lanunchtheBrowser(testNG1.java:39)
at org.test.testNG1.lanunchtheBrowser(testNG1.java:39)
at org.test.testNG1.lanunchtheBrowser(testNG1.java:39)
at org.test.testNG1.lanunchtheBrowser(testNG1.java:39)
at org.test.testNG1.lanunchtheBrowser(testNG1.java:39)
at org.test.testNG1.lanunchtheBrowser(testNG1.java:39)
at org.test.testNG1.lanunchtheBrowser(testNG1.java:39)
at org.test.testNG1.lanunchtheBrowser(testNG1.java:39)
at org.test.testNG1.lanunchtheBrowser(testNG1.java:39)
at org.test.testNG1.lanunchtheBrowser(testNG1.java:39)
at org.test.testNG1.lanunchtheBrowser(testNG1.java:39)
at org.test.testNG1.lanunchtheBrowser(testNG1.java:39)
at org.test.testNG1.lanunchtheBrowser(testNG1.java:39)
at org.test.testNG1.lanunchtheBrowser(testNG1.java:39)
at org.test.testNG1.lanunchtheBrowser(testNG1.java:39)
at org.test.testNG1.lanunchtheBrowser(testNG1.java:39)
at org.test.testNG1.lanunchtheBrowser(testNG1.java:39)
at org.test.testNG1.lanunchtheBrowser(testNG1.java:39)
at org.test.testNG1.lanunchtheBrowser(testNG1.java:39)
at org.test.testNG1.lanunchtheBrowser(testNG1.java:39)
at org.test.testNG1.lanunchtheBrowser(testNG1.java:39)
at org.test.testNG1.lanunchtheBrowser(testNG1.java:39)
at org.test.testNG1.lanunchtheBrowser(testNG1.java:39)
at org.test.testNG1.lanunchtheBrowser(testNG1.java:39)
at org.test.testNG1.lanunchtheBrowser(testNG1.java:39)
at org.test.testNG1.lanunchtheBrowser(testNG1.java:39)
at org.test.testNG1.lanunchtheBrowser(testNG1.java:39)
at org.test.testNG1.lanunchtheBrowser(testNG1.java:39)
at org.test.testNG1.lanunchtheBrowser(testNG1.java:39)
at org.test.testNG1.lanunchtheBrowser(testNG1.java:39)
at org.test.testNG1.lanunchtheBrowser(testNG1.java:39)
at org.test.testNG1.lanunchtheBrowser(testNG1.java:39)
at org.test.testNG1.lanunchtheBrowser(testNG1.java:39)
at org.test.testNG1.lanunchtheBrowser(testNG1.java:39)
at org.test.testNG1.lanunchtheBrowser(testNG1.java:39)
at org.test.testNG1.lanunchtheBrowser(testNG1.java:39)
at org.test.testNG1.lanunchtheBrowser(testNG1.java:39)
at org.test.testNG1.lanunchtheBrowser(testNG1.java:39)
at org.test.testNG1.lanunchtheBrowser(testNG1.java:39)
at org.test.testNG1.lanunchtheBrowser(testNG1.java:39)
at org.test.testNG1.lanunchtheBrowser(testNG1.java:39)
at org.test.testNG1.lanunchtheBrowser(testNG1.java:39)
at org.test.testNG1.lanunchtheBrowser(testNG1.java:39)
at org.test.testNG1.lanunchtheBrowser(testNG1.java:39)
at org.test.testNG1.lanunchtheBrowser(testNG1.java:39)
at org.test.testNG1.lanunchtheBrowser(testNG1.java:39)
at org.test.testNG1.lanunchtheBrowser(testNG1.java:39)
at org.test.testNG1.lanunchtheBrowser(testNG1.java:39)
at org.test.testNG1.lanunchtheBrowser(testNG1.java:39)
at org.test.testNG1.lanunchtheBrowser(testNG1.java:39)
at org.test.testNG1.lanunchtheBrowser(testNG1.java:39)
at org.test.testNG1.lanunchtheBrowser(testNG1.java:39)
at org.test.testNG1.lanunchtheBrowser(testNG1.java:39)
at org.test.testNG1.lanunchtheBrowser(testNG1.java:39)
at org.test.testNG1.lanunchtheBrowser(testNG1.java:39)
at org.test.testNG1.lanunchtheBrowser(testNG1.java:39)
at org.test.testNG1.lanunchtheBrowser(testNG1.java:39)
at org.test.testNG1.lanunchtheBrowser(testNG1.java:39)
at org.test.testNG1.lanunchtheBrowser(testNG1.java:39)
at org.test.testNG1.lanunchtheBrowser(testNG1.java:39)
at org.test.testNG1.lanunchtheBrowser(testNG1.java:39)
at org.test.testNG1.lanunchtheBrowser(testNG1.java:39)
at org.test.testNG1.lanunchtheBrowser(testNG1.java:39)
at org.test.testNG1.lanunchtheBrowser(testNG1.java:39)
at org.test.testNG1.lanunchtheBrowser(testNG1.java:39)
at org.test.testNG1.lanunchtheBrowser(testNG1.java:39)
at org.test.testNG1.lanunchtheBrowser(testNG1.java:39)
at org.test.testNG1.lanunchtheBrowser(testNG1.java:39)
at org.test.testNG1.lanunchtheBrowser(testNG1.java:39)
at org.test.testNG1.lanunchtheBrowser(testNG1.java:39)
at org.test.testNG1.lanunchtheBrowser(testNG1.java:39)
at org.test.testNG1.lanunchtheBrowser(testNG1.java:39)
at org.test.testNG1.lanunchtheBrowser(testNG1.java:39)
at org.test.testNG1.lanunchtheBrowser(testNG1.java:39)
at org.test.testNG1.lanunchtheBrowser(testNG1.java:39)
at org.test.testNG1.lanunchtheBrowser(testNG1.java:39)
at org.test.testNG1.lanunchtheBrowser(testNG1.java:39)
at org.test.testNG1.lanunchtheBrowser(testNG1.java:39)
at org.test.testNG1.lanunchtheBrowser(testNG1.java:39)
at org.test.testNG1.lanunchtheBrowser(testNG1.java:39)
at org.test.testNG1.lanunchtheBrowser(testNG1.java:39)
at org.test.testNG1.lanunchtheBrowser(testNG1.java:39)
at org.test.testNG1.lanunchtheBrowser(testNG1.java:39)
at org.test.testNG1.lanunchtheBrowser(testNG1.java:39)
at org.test.testNG1.lanunchtheBrowser(testNG1.java:39)
at org.test.testNG1.lanunchtheBrowser(testNG1.java:39)
at org.test.testNG1.lanunchtheBrowser(testNG1.java:39)
at org.test.testNG1.lanunchtheBrowser(testNG1.java:39)
at org.test.testNG1.lanunchtheBrowser(testNG1.java:39)
at org.test.testNG1.lanunchtheBrowser(testNG1.java:39)
at org.test.testNG1.lanunchtheBrowser(testNG1.java:39)
at org.test.testNG1.lanunchtheBrowser(testNG1.java:39)
at org.test.testNG1.lanunchtheBrowser(testNG1.java:39)
at org.test.testNG1.lanunchtheBrowser(testNG1.java:39)
at org.test.testNG1.lanunchtheBrowser(testNG1.java:39)
at org.test.testNG1.lanunchtheBrowser(testNG1.java:39)
at org.test.testNG1.lanunchtheBrowser(testNG1.java:39)
at org.test.testNG1.lanunchtheBrowser(testNG1.java:39)
at org.test.testNG1.lanunchtheBrowser(testNG1.java:39)
at org.test.testNG1.lanunchtheBrowser(testNG1.java:39)
at org.test.testNG1.lanunchtheBrowser(testNG1.java:39)
at org.test.testNG1.lanunchtheBrowser(testNG1.java:39)
at org.test.testNG1.lanunchtheBrowser(testNG1.java:39)
at org.test.testNG1.lanunchtheBrowser(testNG1.java:39)
at org.test.testNG1.lanunchtheBrowser(testNG1.java:39)
at org.test.testNG1.lanunchtheBrowser(testNG1.java:39)
at org.test.testNG1.lanunchtheBrowser(testNG1.java:39)
at org.test.testNG1.lanunchtheBrowser(testNG1.java:39)
at org.test.testNG1.lanunchtheBrowser(testNG1.java:39)
at org.test.testNG1.lanunchtheBrowser(testNG1.java:39)
at org.test.testNG1.lanunchtheBrowser(testNG1.java:39)
at org.test.testNG1.lanunchtheBrowser(testNG1.java:39)
at org.test.testNG1.lanunchtheBrowser(testNG1.java:39)
at org.test.testNG1.lanunchtheBrowser(testNG1.java:39)
at org.test.testNG1.lanunchtheBrowser(testNG1.java:39)
at org.test.testNG1.lanunchtheBrowser(testNG1.java:39)
at org.test.testNG1.lanunchtheBrowser(testNG1.java:39)
at org.test.testNG1.lanunchtheBrowser(testNG1.java:39)
]]>
    </error>
  </testcase> <!-- lanunchtheBrowser -->
  <system-out/>
  <testcase classname="org.test.testNG1" name="tc1" time="0.000">
    <skipped/>
  </testcase> <!-- tc1 -->
  <system-out/>
  <testcase classname="org.test.testNG1" name="tc3" time="0.000">
    <skipped/>
  </testcase> <!-- tc3 -->
  <system-out/>
  <testcase classname="org.test.testNG1" name="tc1" time="0.000">
    <skipped/>
  </testcase> <!-- tc1 -->
  <system-out/>
  <testcase classname="org.test.testNG1" name="tc2">
    <skipped/>
  </testcase> <!-- tc2 -->
  <system-out/>
</testsuite> <!-- org.test.testNG1 -->
