<?xml version="1.0" encoding="UTF-8"?>
<!-- Generated by org.testng.reporters.JUnitReportReporter -->
<testsuite hostname="DESKTOP-2O8HHEU" failures="0" tests="7" name="org.Test.TestNG_5" time="92.973" errors="0" timestamp="2023-05-05T11:24:26 IST" skipped="0">
  <testcase classname="org.Test.TestNG_5" name="tc3" time="12.991"/>
  <system-out/>
  <testcase classname="org.Test.TestNG_5" name="tc1" time="0.017"/>
  <system-out/>
  <testcase classname="org.Test.TestNG_5" name="tc3" time="12.941"/>
  <system-out/>
  <testcase classname="org.Test.TestNG_5" name="tc4" time="1.296"/>
  <system-out/>
  <testcase classname="org.Test.TestNG_5" name="tc4" time="10.556"/>
  <system-out/>
  <testcase classname="org.Test.TestNG_5" name="tc4" time="1.158"/>
  <system-out/>
  <testcase classname="org.Test.TestNG_5" name="tc3" time="54.014"/>
  <system-out/>
</testsuite> <!-- org.Test.TestNG_5 -->
