<?xml version="1.0" encoding="UTF-8"?>
<!-- Generated by org.testng.reporters.JUnitReportReporter -->
<testsuite hostname="DESKTOP-2O8HHEU" failures="0" tests="6" name="org.TestNG2.testNG1" time="0.028" errors="1" timestamp="2023-05-04T21:32:19 IST" skipped="5">
  <testcase classname="org.TestNG2.testNG1" name="tc1" time="0.000">
    <skipped/>
  </testcase> <!-- tc1 -->
  <system-out/>
  <testcase classname="org.TestNG2.testNG1" name="tc1" time="0.000">
    <skipped/>
  </testcase> <!-- tc1 -->
  <system-out/>
  <testcase classname="org.TestNG2.testNG1" name="lanunchtheBrowser" time="0.028">
    <error type="java.lang.StackOverflowError">
      <![CDATA[java.lang.StackOverflowError
at org.TestNG2.testNG1.lanunchtheBrowser(testNG1.java:39)
at org.TestNG2.testNG1.lanunchtheBrowser(testNG1.java:39)
at org.TestNG2.testNG1.lanunchtheBrowser(testNG1.java:39)
at org.TestNG2.testNG1.lanunchtheBrowser(testNG1.java:39)
at org.TestNG2.testNG1.lanunchtheBrowser(testNG1.java:39)
at org.TestNG2.testNG1.lanunchtheBrowser(testNG1.java:39)
at org.TestNG2.testNG1.lanunchtheBrowser(testNG1.java:39)
at org.TestNG2.testNG1.lanunchtheBrowser(testNG1.java:39)
at org.TestNG2.testNG1.lanunchtheBrowser(testNG1.java:39)
at org.TestNG2.testNG1.lanunchtheBrowser(testNG1.java:39)
at org.TestNG2.testNG1.lanunchtheBrowser(testNG1.java:39)
at org.TestNG2.testNG1.lanunchtheBrowser(testNG1.java:39)
at org.TestNG2.testNG1.lanunchtheBrowser(testNG1.java:39)
at org.TestNG2.testNG1.lanunchtheBrowser(testNG1.java:39)
at org.TestNG2.testNG1.lanunchtheBrowser(testNG1.java:39)
at org.TestNG2.testNG1.lanunchtheBrowser(testNG1.java:39)
at org.TestNG2.testNG1.lanunchtheBrowser(testNG1.java:39)
at org.TestNG2.testNG1.lanunchtheBrowser(testNG1.java:39)
at org.TestNG2.testNG1.lanunchtheBrowser(testNG1.java:39)
at org.TestNG2.testNG1.lanunchtheBrowser(testNG1.java:39)
at org.TestNG2.testNG1.lanunchtheBrowser(testNG1.java:39)
at org.TestNG2.testNG1.lanunchtheBrowser(testNG1.java:39)
at org.TestNG2.testNG1.lanunchtheBrowser(testNG1.java:39)
at org.TestNG2.testNG1.lanunchtheBrowser(testNG1.java:39)
at org.TestNG2.testNG1.lanunchtheBrowser(testNG1.java:39)
at org.TestNG2.testNG1.lanunchtheBrowser(testNG1.java:39)
at org.TestNG2.testNG1.lanunchtheBrowser(testNG1.java:39)
at org.TestNG2.testNG1.lanunchtheBrowser(testNG1.java:39)
at org.TestNG2.testNG1.lanunchtheBrowser(testNG1.java:39)
at org.TestNG2.testNG1.lanunchtheBrowser(testNG1.java:39)
at org.TestNG2.testNG1.lanunchtheBrowser(testNG1.java:39)
at org.TestNG2.testNG1.lanunchtheBrowser(testNG1.java:39)
at org.TestNG2.testNG1.lanunchtheBrowser(testNG1.java:39)
at org.TestNG2.testNG1.lanunchtheBrowser(testNG1.java:39)
at org.TestNG2.testNG1.lanunchtheBrowser(testNG1.java:39)
at org.TestNG2.testNG1.lanunchtheBrowser(testNG1.java:39)
at org.TestNG2.testNG1.lanunchtheBrowser(testNG1.java:39)
at org.TestNG2.testNG1.lanunchtheBrowser(testNG1.java:39)
at org.TestNG2.testNG1.lanunchtheBrowser(testNG1.java:39)
at org.TestNG2.testNG1.lanunchtheBrowser(testNG1.java:39)
at org.TestNG2.testNG1.lanunchtheBrowser(testNG1.java:39)
at org.TestNG2.testNG1.lanunchtheBrowser(testNG1.java:39)
at org.TestNG2.testNG1.lanunchtheBrowser(testNG1.java:39)
at org.TestNG2.testNG1.lanunchtheBrowser(testNG1.java:39)
at org.TestNG2.testNG1.lanunchtheBrowser(testNG1.java:39)
at org.TestNG2.testNG1.lanunchtheBrowser(testNG1.java:39)
at org.TestNG2.testNG1.lanunchtheBrowser(testNG1.java:39)
at org.TestNG2.testNG1.lanunchtheBrowser(testNG1.java:39)
at org.TestNG2.testNG1.lanunchtheBrowser(testNG1.java:39)
at org.TestNG2.testNG1.lanunchtheBrowser(testNG1.java:39)
at org.TestNG2.testNG1.lanunchtheBrowser(testNG1.java:39)
at org.TestNG2.testNG1.lanunchtheBrowser(testNG1.java:39)
at org.TestNG2.testNG1.lanunchtheBrowser(testNG1.java:39)
at org.TestNG2.testNG1.lanunchtheBrowser(testNG1.java:39)
at org.TestNG2.testNG1.lanunchtheBrowser(testNG1.java:39)
at org.TestNG2.testNG1.lanunchtheBrowser(testNG1.java:39)
at org.TestNG2.testNG1.lanunchtheBrowser(testNG1.java:39)
at org.TestNG2.testNG1.lanunchtheBrowser(testNG1.java:39)
at org.TestNG2.testNG1.lanunchtheBrowser(testNG1.java:39)
at org.TestNG2.testNG1.lanunchtheBrowser(testNG1.java:39)
at org.TestNG2.testNG1.lanunchtheBrowser(testNG1.java:39)
at org.TestNG2.testNG1.lanunchtheBrowser(testNG1.java:39)
at org.TestNG2.testNG1.lanunchtheBrowser(testNG1.java:39)
at org.TestNG2.testNG1.lanunchtheBrowser(testNG1.java:39)
at org.TestNG2.testNG1.lanunchtheBrowser(testNG1.java:39)
at org.TestNG2.testNG1.lanunchtheBrowser(testNG1.java:39)
at org.TestNG2.testNG1.lanunchtheBrowser(testNG1.java:39)
at org.TestNG2.testNG1.lanunchtheBrowser(testNG1.java:39)
at org.TestNG2.testNG1.lanunchtheBrowser(testNG1.java:39)
at org.TestNG2.testNG1.lanunchtheBrowser(testNG1.java:39)
at org.TestNG2.testNG1.lanunchtheBrowser(testNG1.java:39)
at org.TestNG2.testNG1.lanunchtheBrowser(testNG1.java:39)
at org.TestNG2.testNG1.lanunchtheBrowser(testNG1.java:39)
at org.TestNG2.testNG1.lanunchtheBrowser(testNG1.java:39)
at org.TestNG2.testNG1.lanunchtheBrowser(testNG1.java:39)
at org.TestNG2.testNG1.lanunchtheBrowser(testNG1.java:39)
at org.TestNG2.testNG1.lanunchtheBrowser(testNG1.java:39)
at org.TestNG2.testNG1.lanunchtheBrowser(testNG1.java:39)
at org.TestNG2.testNG1.lanunchtheBrowser(testNG1.java:39)
at org.TestNG2.testNG1.lanunchtheBrowser(testNG1.java:39)
at org.TestNG2.testNG1.lanunchtheBrowser(testNG1.java:39)
at org.TestNG2.testNG1.lanunchtheBrowser(testNG1.java:39)
at org.TestNG2.testNG1.lanunchtheBrowser(testNG1.java:39)
at org.TestNG2.testNG1.lanunchtheBrowser(testNG1.java:39)
at org.TestNG2.testNG1.lanunchtheBrowser(testNG1.java:39)
at org.TestNG2.testNG1.lanunchtheBrowser(testNG1.java:39)
at org.TestNG2.testNG1.lanunchtheBrowser(testNG1.java:39)
at org.TestNG2.testNG1.lanunchtheBrowser(testNG1.java:39)
at org.TestNG2.testNG1.lanunchtheBrowser(testNG1.java:39)
at org.TestNG2.testNG1.lanunchtheBrowser(testNG1.java:39)
at org.TestNG2.testNG1.lanunchtheBrowser(testNG1.java:39)
at org.TestNG2.testNG1.lanunchtheBrowser(testNG1.java:39)
at org.TestNG2.testNG1.lanunchtheBrowser(testNG1.java:39)
at org.TestNG2.testNG1.lanunchtheBrowser(testNG1.java:39)
at org.TestNG2.testNG1.lanunchtheBrowser(testNG1.java:39)
at org.TestNG2.testNG1.lanunchtheBrowser(testNG1.java:39)
at org.TestNG2.testNG1.lanunchtheBrowser(testNG1.java:39)
at org.TestNG2.testNG1.lanunchtheBrowser(testNG1.java:39)
at org.TestNG2.testNG1.lanunchtheBrowser(testNG1.java:39)
at org.TestNG2.testNG1.lanunchtheBrowser(testNG1.java:39)
at org.TestNG2.testNG1.lanunchtheBrowser(testNG1.java:39)
at org.TestNG2.testNG1.lanunchtheBrowser(testNG1.java:39)
at org.TestNG2.testNG1.lanunchtheBrowser(testNG1.java:39)
at org.TestNG2.testNG1.lanunchtheBrowser(testNG1.java:39)
at org.TestNG2.testNG1.lanunchtheBrowser(testNG1.java:39)
at org.TestNG2.testNG1.lanunchtheBrowser(testNG1.java:39)
at org.TestNG2.testNG1.lanunchtheBrowser(testNG1.java:39)
at org.TestNG2.testNG1.lanunchtheBrowser(testNG1.java:39)
at org.TestNG2.testNG1.lanunchtheBrowser(testNG1.java:39)
at org.TestNG2.testNG1.lanunchtheBrowser(testNG1.java:39)
at org.TestNG2.testNG1.lanunchtheBrowser(testNG1.java:39)
at org.TestNG2.testNG1.lanunchtheBrowser(testNG1.java:39)
at org.TestNG2.testNG1.lanunchtheBrowser(testNG1.java:39)
at org.TestNG2.testNG1.lanunchtheBrowser(testNG1.java:39)
at org.TestNG2.testNG1.lanunchtheBrowser(testNG1.java:39)
at org.TestNG2.testNG1.lanunchtheBrowser(testNG1.java:39)
at org.TestNG2.testNG1.lanunchtheBrowser(testNG1.java:39)
at org.TestNG2.testNG1.lanunchtheBrowser(testNG1.java:39)
at org.TestNG2.testNG1.lanunchtheBrowser(testNG1.java:39)
at org.TestNG2.testNG1.lanunchtheBrowser(testNG1.java:39)
at org.TestNG2.testNG1.lanunchtheBrowser(testNG1.java:39)
at org.TestNG2.testNG1.lanunchtheBrowser(testNG1.java:39)
at org.TestNG2.testNG1.lanunchtheBrowser(testNG1.java:39)
at org.TestNG2.testNG1.lanunchtheBrowser(testNG1.java:39)
at org.TestNG2.testNG1.lanunchtheBrowser(testNG1.java:39)
at org.TestNG2.testNG1.lanunchtheBrowser(testNG1.java:39)
at org.TestNG2.testNG1.lanunchtheBrowser(testNG1.java:39)
at org.TestNG2.testNG1.lanunchtheBrowser(testNG1.java:39)
at org.TestNG2.testNG1.lanunchtheBrowser(testNG1.java:39)
at org.TestNG2.testNG1.lanunchtheBrowser(testNG1.java:39)
at org.TestNG2.testNG1.lanunchtheBrowser(testNG1.java:39)
at org.TestNG2.testNG1.lanunchtheBrowser(testNG1.java:39)
at org.TestNG2.testNG1.lanunchtheBrowser(testNG1.java:39)
at org.TestNG2.testNG1.lanunchtheBrowser(testNG1.java:39)
at org.TestNG2.testNG1.lanunchtheBrowser(testNG1.java:39)
at org.TestNG2.testNG1.lanunchtheBrowser(testNG1.java:39)
at org.TestNG2.testNG1.lanunchtheBrowser(testNG1.java:39)
at org.TestNG2.testNG1.lanunchtheBrowser(testNG1.java:39)
at org.TestNG2.testNG1.lanunchtheBrowser(testNG1.java:39)
at org.TestNG2.testNG1.lanunchtheBrowser(testNG1.java:39)
at org.TestNG2.testNG1.lanunchtheBrowser(testNG1.java:39)
at org.TestNG2.testNG1.lanunchtheBrowser(testNG1.java:39)
at org.TestNG2.testNG1.lanunchtheBrowser(testNG1.java:39)
at org.TestNG2.testNG1.lanunchtheBrowser(testNG1.java:39)
at org.TestNG2.testNG1.lanunchtheBrowser(testNG1.java:39)
at org.TestNG2.testNG1.lanunchtheBrowser(testNG1.java:39)
at org.TestNG2.testNG1.lanunchtheBrowser(testNG1.java:39)
at org.TestNG2.testNG1.lanunchtheBrowser(testNG1.java:39)
at org.TestNG2.testNG1.lanunchtheBrowser(testNG1.java:39)
at org.TestNG2.testNG1.lanunchtheBrowser(testNG1.java:39)
at org.TestNG2.testNG1.lanunchtheBrowser(testNG1.java:39)
at org.TestNG2.testNG1.lanunchtheBrowser(testNG1.java:39)
at org.TestNG2.testNG1.lanunchtheBrowser(testNG1.java:39)
at org.TestNG2.testNG1.lanunchtheBrowser(testNG1.java:39)
at org.TestNG2.testNG1.lanunchtheBrowser(testNG1.java:39)
at org.TestNG2.testNG1.lanunchtheBrowser(testNG1.java:39)
at org.TestNG2.testNG1.lanunchtheBrowser(testNG1.java:39)
at org.TestNG2.testNG1.lanunchtheBrowser(testNG1.java:39)
at org.TestNG2.testNG1.lanunchtheBrowser(testNG1.java:39)
at org.TestNG2.testNG1.lanunchtheBrowser(testNG1.java:39)
at org.TestNG2.testNG1.lanunchtheBrowser(testNG1.java:39)
at org.TestNG2.testNG1.lanunchtheBrowser(testNG1.java:39)
at org.TestNG2.testNG1.lanunchtheBrowser(testNG1.java:39)
at org.TestNG2.testNG1.lanunchtheBrowser(testNG1.java:39)
at org.TestNG2.testNG1.lanunchtheBrowser(testNG1.java:39)
at org.TestNG2.testNG1.lanunchtheBrowser(testNG1.java:39)
at org.TestNG2.testNG1.lanunchtheBrowser(testNG1.java:39)
at org.TestNG2.testNG1.lanunchtheBrowser(testNG1.java:39)
at org.TestNG2.testNG1.lanunchtheBrowser(testNG1.java:39)
at org.TestNG2.testNG1.lanunchtheBrowser(testNG1.java:39)
at org.TestNG2.testNG1.lanunchtheBrowser(testNG1.java:39)
at org.TestNG2.testNG1.lanunchtheBrowser(testNG1.java:39)
at org.TestNG2.testNG1.lanunchtheBrowser(testNG1.java:39)
at org.TestNG2.testNG1.lanunchtheBrowser(testNG1.java:39)
at org.TestNG2.testNG1.lanunchtheBrowser(testNG1.java:39)
at org.TestNG2.testNG1.lanunchtheBrowser(testNG1.java:39)
at org.TestNG2.testNG1.lanunchtheBrowser(testNG1.java:39)
at org.TestNG2.testNG1.lanunchtheBrowser(testNG1.java:39)
at org.TestNG2.testNG1.lanunchtheBrowser(testNG1.java:39)
at org.TestNG2.testNG1.lanunchtheBrowser(testNG1.java:39)
at org.TestNG2.testNG1.lanunchtheBrowser(testNG1.java:39)
at org.TestNG2.testNG1.lanunchtheBrowser(testNG1.java:39)
at org.TestNG2.testNG1.lanunchtheBrowser(testNG1.java:39)
at org.TestNG2.testNG1.lanunchtheBrowser(testNG1.java:39)
at org.TestNG2.testNG1.lanunchtheBrowser(testNG1.java:39)
at org.TestNG2.testNG1.lanunchtheBrowser(testNG1.java:39)
at org.TestNG2.testNG1.lanunchtheBrowser(testNG1.java:39)
at org.TestNG2.testNG1.lanunchtheBrowser(testNG1.java:39)
at org.TestNG2.testNG1.lanunchtheBrowser(testNG1.java:39)
at org.TestNG2.testNG1.lanunchtheBrowser(testNG1.java:39)
at org.TestNG2.testNG1.lanunchtheBrowser(testNG1.java:39)
at org.TestNG2.testNG1.lanunchtheBrowser(testNG1.java:39)
at org.TestNG2.testNG1.lanunchtheBrowser(testNG1.java:39)
at org.TestNG2.testNG1.lanunchtheBrowser(testNG1.java:39)
at org.TestNG2.testNG1.lanunchtheBrowser(testNG1.java:39)
at org.TestNG2.testNG1.lanunchtheBrowser(testNG1.java:39)
at org.TestNG2.testNG1.lanunchtheBrowser(testNG1.java:39)
at org.TestNG2.testNG1.lanunchtheBrowser(testNG1.java:39)
at org.TestNG2.testNG1.lanunchtheBrowser(testNG1.java:39)
at org.TestNG2.testNG1.lanunchtheBrowser(testNG1.java:39)
at org.TestNG2.testNG1.lanunchtheBrowser(testNG1.java:39)
at org.TestNG2.testNG1.lanunchtheBrowser(testNG1.java:39)
at org.TestNG2.testNG1.lanunchtheBrowser(testNG1.java:39)
at org.TestNG2.testNG1.lanunchtheBrowser(testNG1.java:39)
at org.TestNG2.testNG1.lanunchtheBrowser(testNG1.java:39)
at org.TestNG2.testNG1.lanunchtheBrowser(testNG1.java:39)
at org.TestNG2.testNG1.lanunchtheBrowser(testNG1.java:39)
at org.TestNG2.testNG1.lanunchtheBrowser(testNG1.java:39)
at org.TestNG2.testNG1.lanunchtheBrowser(testNG1.java:39)
at org.TestNG2.testNG1.lanunchtheBrowser(testNG1.java:39)
at org.TestNG2.testNG1.lanunchtheBrowser(testNG1.java:39)
at org.TestNG2.testNG1.lanunchtheBrowser(testNG1.java:39)
at org.TestNG2.testNG1.lanunchtheBrowser(testNG1.java:39)
at org.TestNG2.testNG1.lanunchtheBrowser(testNG1.java:39)
at org.TestNG2.testNG1.lanunchtheBrowser(testNG1.java:39)
at org.TestNG2.testNG1.lanunchtheBrowser(testNG1.java:39)
at org.TestNG2.testNG1.lanunchtheBrowser(testNG1.java:39)
at org.TestNG2.testNG1.lanunchtheBrowser(testNG1.java:39)
at org.TestNG2.testNG1.lanunchtheBrowser(testNG1.java:39)
at org.TestNG2.testNG1.lanunchtheBrowser(testNG1.java:39)
at org.TestNG2.testNG1.lanunchtheBrowser(testNG1.java:39)
at org.TestNG2.testNG1.lanunchtheBrowser(testNG1.java:39)
at org.TestNG2.testNG1.lanunchtheBrowser(testNG1.java:39)
at org.TestNG2.testNG1.lanunchtheBrowser(testNG1.java:39)
at org.TestNG2.testNG1.lanunchtheBrowser(testNG1.java:39)
at org.TestNG2.testNG1.lanunchtheBrowser(testNG1.java:39)
at org.TestNG2.testNG1.lanunchtheBrowser(testNG1.java:39)
at org.TestNG2.testNG1.lanunchtheBrowser(testNG1.java:39)
at org.TestNG2.testNG1.lanunchtheBrowser(testNG1.java:39)
at org.TestNG2.testNG1.lanunchtheBrowser(testNG1.java:39)
at org.TestNG2.testNG1.lanunchtheBrowser(testNG1.java:39)
at org.TestNG2.testNG1.lanunchtheBrowser(testNG1.java:39)
at org.TestNG2.testNG1.lanunchtheBrowser(testNG1.java:39)
at org.TestNG2.testNG1.lanunchtheBrowser(testNG1.java:39)
at org.TestNG2.testNG1.lanunchtheBrowser(testNG1.java:39)
at org.TestNG2.testNG1.lanunchtheBrowser(testNG1.java:39)
at org.TestNG2.testNG1.lanunchtheBrowser(testNG1.java:39)
at org.TestNG2.testNG1.lanunchtheBrowser(testNG1.java:39)
at org.TestNG2.testNG1.lanunchtheBrowser(testNG1.java:39)
at org.TestNG2.testNG1.lanunchtheBrowser(testNG1.java:39)
at org.TestNG2.testNG1.lanunchtheBrowser(testNG1.java:39)
at org.TestNG2.testNG1.lanunchtheBrowser(testNG1.java:39)
at org.TestNG2.testNG1.lanunchtheBrowser(testNG1.java:39)
at org.TestNG2.testNG1.lanunchtheBrowser(testNG1.java:39)
at org.TestNG2.testNG1.lanunchtheBrowser(testNG1.java:39)
at org.TestNG2.testNG1.lanunchtheBrowser(testNG1.java:39)
at org.TestNG2.testNG1.lanunchtheBrowser(testNG1.java:39)
at org.TestNG2.testNG1.lanunchtheBrowser(testNG1.java:39)
at org.TestNG2.testNG1.lanunchtheBrowser(testNG1.java:39)
at org.TestNG2.testNG1.lanunchtheBrowser(testNG1.java:39)
at org.TestNG2.testNG1.lanunchtheBrowser(testNG1.java:39)
at org.TestNG2.testNG1.lanunchtheBrowser(testNG1.java:39)
at org.TestNG2.testNG1.lanunchtheBrowser(testNG1.java:39)
at org.TestNG2.testNG1.lanunchtheBrowser(testNG1.java:39)
at org.TestNG2.testNG1.lanunchtheBrowser(testNG1.java:39)
at org.TestNG2.testNG1.lanunchtheBrowser(testNG1.java:39)
at org.TestNG2.testNG1.lanunchtheBrowser(testNG1.java:39)
at org.TestNG2.testNG1.lanunchtheBrowser(testNG1.java:39)
at org.TestNG2.testNG1.lanunchtheBrowser(testNG1.java:39)
at org.TestNG2.testNG1.lanunchtheBrowser(testNG1.java:39)
at org.TestNG2.testNG1.lanunchtheBrowser(testNG1.java:39)
at org.TestNG2.testNG1.lanunchtheBrowser(testNG1.java:39)
at org.TestNG2.testNG1.lanunchtheBrowser(testNG1.java:39)
at org.TestNG2.testNG1.lanunchtheBrowser(testNG1.java:39)
at org.TestNG2.testNG1.lanunchtheBrowser(testNG1.java:39)
at org.TestNG2.testNG1.lanunchtheBrowser(testNG1.java:39)
at org.TestNG2.testNG1.lanunchtheBrowser(testNG1.java:39)
at org.TestNG2.testNG1.lanunchtheBrowser(testNG1.java:39)
at org.TestNG2.testNG1.lanunchtheBrowser(testNG1.java:39)
at org.TestNG2.testNG1.lanunchtheBrowser(testNG1.java:39)
at org.TestNG2.testNG1.lanunchtheBrowser(testNG1.java:39)
at org.TestNG2.testNG1.lanunchtheBrowser(testNG1.java:39)
at org.TestNG2.testNG1.lanunchtheBrowser(testNG1.java:39)
at org.TestNG2.testNG1.lanunchtheBrowser(testNG1.java:39)
at org.TestNG2.testNG1.lanunchtheBrowser(testNG1.java:39)
at org.TestNG2.testNG1.lanunchtheBrowser(testNG1.java:39)
at org.TestNG2.testNG1.lanunchtheBrowser(testNG1.java:39)
at org.TestNG2.testNG1.lanunchtheBrowser(testNG1.java:39)
at org.TestNG2.testNG1.lanunchtheBrowser(testNG1.java:39)
at org.TestNG2.testNG1.lanunchtheBrowser(testNG1.java:39)
at org.TestNG2.testNG1.lanunchtheBrowser(testNG1.java:39)
at org.TestNG2.testNG1.lanunchtheBrowser(testNG1.java:39)
at org.TestNG2.testNG1.lanunchtheBrowser(testNG1.java:39)
at org.TestNG2.testNG1.lanunchtheBrowser(testNG1.java:39)
at org.TestNG2.testNG1.lanunchtheBrowser(testNG1.java:39)
at org.TestNG2.testNG1.lanunchtheBrowser(testNG1.java:39)
at org.TestNG2.testNG1.lanunchtheBrowser(testNG1.java:39)
at org.TestNG2.testNG1.lanunchtheBrowser(testNG1.java:39)
at org.TestNG2.testNG1.lanunchtheBrowser(testNG1.java:39)
at org.TestNG2.testNG1.lanunchtheBrowser(testNG1.java:39)
at org.TestNG2.testNG1.lanunchtheBrowser(testNG1.java:39)
at org.TestNG2.testNG1.lanunchtheBrowser(testNG1.java:39)
at org.TestNG2.testNG1.lanunchtheBrowser(testNG1.java:39)
at org.TestNG2.testNG1.lanunchtheBrowser(testNG1.java:39)
at org.TestNG2.testNG1.lanunchtheBrowser(testNG1.java:39)
at org.TestNG2.testNG1.lanunchtheBrowser(testNG1.java:39)
at org.TestNG2.testNG1.lanunchtheBrowser(testNG1.java:39)
at org.TestNG2.testNG1.lanunchtheBrowser(testNG1.java:39)
at org.TestNG2.testNG1.lanunchtheBrowser(testNG1.java:39)
at org.TestNG2.testNG1.lanunchtheBrowser(testNG1.java:39)
at org.TestNG2.testNG1.lanunchtheBrowser(testNG1.java:39)
at org.TestNG2.testNG1.lanunchtheBrowser(testNG1.java:39)
at org.TestNG2.testNG1.lanunchtheBrowser(testNG1.java:39)
at org.TestNG2.testNG1.lanunchtheBrowser(testNG1.java:39)
at org.TestNG2.testNG1.lanunchtheBrowser(testNG1.java:39)
at org.TestNG2.testNG1.lanunchtheBrowser(testNG1.java:39)
at org.TestNG2.testNG1.lanunchtheBrowser(testNG1.java:39)
at org.TestNG2.testNG1.lanunchtheBrowser(testNG1.java:39)
at org.TestNG2.testNG1.lanunchtheBrowser(testNG1.java:39)
at org.TestNG2.testNG1.lanunchtheBrowser(testNG1.java:39)
at org.TestNG2.testNG1.lanunchtheBrowser(testNG1.java:39)
at org.TestNG2.testNG1.lanunchtheBrowser(testNG1.java:39)
at org.TestNG2.testNG1.lanunchtheBrowser(testNG1.java:39)
at org.TestNG2.testNG1.lanunchtheBrowser(testNG1.java:39)
at org.TestNG2.testNG1.lanunchtheBrowser(testNG1.java:39)
at org.TestNG2.testNG1.lanunchtheBrowser(testNG1.java:39)
at org.TestNG2.testNG1.lanunchtheBrowser(testNG1.java:39)
at org.TestNG2.testNG1.lanunchtheBrowser(testNG1.java:39)
at org.TestNG2.testNG1.lanunchtheBrowser(testNG1.java:39)
at org.TestNG2.testNG1.lanunchtheBrowser(testNG1.java:39)
at org.TestNG2.testNG1.lanunchtheBrowser(testNG1.java:39)
at org.TestNG2.testNG1.lanunchtheBrowser(testNG1.java:39)
at org.TestNG2.testNG1.lanunchtheBrowser(testNG1.java:39)
at org.TestNG2.testNG1.lanunchtheBrowser(testNG1.java:39)
at org.TestNG2.testNG1.lanunchtheBrowser(testNG1.java:39)
at org.TestNG2.testNG1.lanunchtheBrowser(testNG1.java:39)
at org.TestNG2.testNG1.lanunchtheBrowser(testNG1.java:39)
at org.TestNG2.testNG1.lanunchtheBrowser(testNG1.java:39)
at org.TestNG2.testNG1.lanunchtheBrowser(testNG1.java:39)
at org.TestNG2.testNG1.lanunchtheBrowser(testNG1.java:39)
at org.TestNG2.testNG1.lanunchtheBrowser(testNG1.java:39)
at org.TestNG2.testNG1.lanunchtheBrowser(testNG1.java:39)
at org.TestNG2.testNG1.lanunchtheBrowser(testNG1.java:39)
at org.TestNG2.testNG1.lanunchtheBrowser(testNG1.java:39)
at org.TestNG2.testNG1.lanunchtheBrowser(testNG1.java:39)
at org.TestNG2.testNG1.lanunchtheBrowser(testNG1.java:39)
at org.TestNG2.testNG1.lanunchtheBrowser(testNG1.java:39)
at org.TestNG2.testNG1.lanunchtheBrowser(testNG1.java:39)
at org.TestNG2.testNG1.lanunchtheBrowser(testNG1.java:39)
at org.TestNG2.testNG1.lanunchtheBrowser(testNG1.java:39)
at org.TestNG2.testNG1.lanunchtheBrowser(testNG1.java:39)
at org.TestNG2.testNG1.lanunchtheBrowser(testNG1.java:39)
at org.TestNG2.testNG1.lanunchtheBrowser(testNG1.java:39)
at org.TestNG2.testNG1.lanunchtheBrowser(testNG1.java:39)
at org.TestNG2.testNG1.lanunchtheBrowser(testNG1.java:39)
at org.TestNG2.testNG1.lanunchtheBrowser(testNG1.java:39)
at org.TestNG2.testNG1.lanunchtheBrowser(testNG1.java:39)
at org.TestNG2.testNG1.lanunchtheBrowser(testNG1.java:39)
at org.TestNG2.testNG1.lanunchtheBrowser(testNG1.java:39)
at org.TestNG2.testNG1.lanunchtheBrowser(testNG1.java:39)
at org.TestNG2.testNG1.lanunchtheBrowser(testNG1.java:39)
at org.TestNG2.testNG1.lanunchtheBrowser(testNG1.java:39)
at org.TestNG2.testNG1.lanunchtheBrowser(testNG1.java:39)
at org.TestNG2.testNG1.lanunchtheBrowser(testNG1.java:39)
at org.TestNG2.testNG1.lanunchtheBrowser(testNG1.java:39)
at org.TestNG2.testNG1.lanunchtheBrowser(testNG1.java:39)
at org.TestNG2.testNG1.lanunchtheBrowser(testNG1.java:39)
at org.TestNG2.testNG1.lanunchtheBrowser(testNG1.java:39)
at org.TestNG2.testNG1.lanunchtheBrowser(testNG1.java:39)
at org.TestNG2.testNG1.lanunchtheBrowser(testNG1.java:39)
at org.TestNG2.testNG1.lanunchtheBrowser(testNG1.java:39)
at org.TestNG2.testNG1.lanunchtheBrowser(testNG1.java:39)
at org.TestNG2.testNG1.lanunchtheBrowser(testNG1.java:39)
at org.TestNG2.testNG1.lanunchtheBrowser(testNG1.java:39)
at org.TestNG2.testNG1.lanunchtheBrowser(testNG1.java:39)
at org.TestNG2.testNG1.lanunchtheBrowser(testNG1.java:39)
at org.TestNG2.testNG1.lanunchtheBrowser(testNG1.java:39)
at org.TestNG2.testNG1.lanunchtheBrowser(testNG1.java:39)
at org.TestNG2.testNG1.lanunchtheBrowser(testNG1.java:39)
at org.TestNG2.testNG1.lanunchtheBrowser(testNG1.java:39)
at org.TestNG2.testNG1.lanunchtheBrowser(testNG1.java:39)
at org.TestNG2.testNG1.lanunchtheBrowser(testNG1.java:39)
at org.TestNG2.testNG1.lanunchtheBrowser(testNG1.java:39)
at org.TestNG2.testNG1.lanunchtheBrowser(testNG1.java:39)
at org.TestNG2.testNG1.lanunchtheBrowser(testNG1.java:39)
at org.TestNG2.testNG1.lanunchtheBrowser(testNG1.java:39)
at org.TestNG2.testNG1.lanunchtheBrowser(testNG1.java:39)
at org.TestNG2.testNG1.lanunchtheBrowser(testNG1.java:39)
at org.TestNG2.testNG1.lanunchtheBrowser(testNG1.java:39)
at org.TestNG2.testNG1.lanunchtheBrowser(testNG1.java:39)
at org.TestNG2.testNG1.lanunchtheBrowser(testNG1.java:39)
at org.TestNG2.testNG1.lanunchtheBrowser(testNG1.java:39)
at org.TestNG2.testNG1.lanunchtheBrowser(testNG1.java:39)
at org.TestNG2.testNG1.lanunchtheBrowser(testNG1.java:39)
at org.TestNG2.testNG1.lanunchtheBrowser(testNG1.java:39)
at org.TestNG2.testNG1.lanunchtheBrowser(testNG1.java:39)
at org.TestNG2.testNG1.lanunchtheBrowser(testNG1.java:39)
at org.TestNG2.testNG1.lanunchtheBrowser(testNG1.java:39)
at org.TestNG2.testNG1.lanunchtheBrowser(testNG1.java:39)
at org.TestNG2.testNG1.lanunchtheBrowser(testNG1.java:39)
at org.TestNG2.testNG1.lanunchtheBrowser(testNG1.java:39)
at org.TestNG2.testNG1.lanunchtheBrowser(testNG1.java:39)
at org.TestNG2.testNG1.lanunchtheBrowser(testNG1.java:39)
at org.TestNG2.testNG1.lanunchtheBrowser(testNG1.java:39)
at org.TestNG2.testNG1.lanunchtheBrowser(testNG1.java:39)
at org.TestNG2.testNG1.lanunchtheBrowser(testNG1.java:39)
at org.TestNG2.testNG1.lanunchtheBrowser(testNG1.java:39)
at org.TestNG2.testNG1.lanunchtheBrowser(testNG1.java:39)
at org.TestNG2.testNG1.lanunchtheBrowser(testNG1.java:39)
at org.TestNG2.testNG1.lanunchtheBrowser(testNG1.java:39)
at org.TestNG2.testNG1.lanunchtheBrowser(testNG1.java:39)
at org.TestNG2.testNG1.lanunchtheBrowser(testNG1.java:39)
at org.TestNG2.testNG1.lanunchtheBrowser(testNG1.java:39)
at org.TestNG2.testNG1.lanunchtheBrowser(testNG1.java:39)
at org.TestNG2.testNG1.lanunchtheBrowser(testNG1.java:39)
at org.TestNG2.testNG1.lanunchtheBrowser(testNG1.java:39)
at org.TestNG2.testNG1.lanunchtheBrowser(testNG1.java:39)
at org.TestNG2.testNG1.lanunchtheBrowser(testNG1.java:39)
at org.TestNG2.testNG1.lanunchtheBrowser(testNG1.java:39)
at org.TestNG2.testNG1.lanunchtheBrowser(testNG1.java:39)
at org.TestNG2.testNG1.lanunchtheBrowser(testNG1.java:39)
at org.TestNG2.testNG1.lanunchtheBrowser(testNG1.java:39)
at org.TestNG2.testNG1.lanunchtheBrowser(testNG1.java:39)
at org.TestNG2.testNG1.lanunchtheBrowser(testNG1.java:39)
at org.TestNG2.testNG1.lanunchtheBrowser(testNG1.java:39)
at org.TestNG2.testNG1.lanunchtheBrowser(testNG1.java:39)
at org.TestNG2.testNG1.lanunchtheBrowser(testNG1.java:39)
at org.TestNG2.testNG1.lanunchtheBrowser(testNG1.java:39)
at org.TestNG2.testNG1.lanunchtheBrowser(testNG1.java:39)
at org.TestNG2.testNG1.lanunchtheBrowser(testNG1.java:39)
at org.TestNG2.testNG1.lanunchtheBrowser(testNG1.java:39)
at org.TestNG2.testNG1.lanunchtheBrowser(testNG1.java:39)
at org.TestNG2.testNG1.lanunchtheBrowser(testNG1.java:39)
at org.TestNG2.testNG1.lanunchtheBrowser(testNG1.java:39)
at org.TestNG2.testNG1.lanunchtheBrowser(testNG1.java:39)
at org.TestNG2.testNG1.lanunchtheBrowser(testNG1.java:39)
at org.TestNG2.testNG1.lanunchtheBrowser(testNG1.java:39)
at org.TestNG2.testNG1.lanunchtheBrowser(testNG1.java:39)
at org.TestNG2.testNG1.lanunchtheBrowser(testNG1.java:39)
at org.TestNG2.testNG1.lanunchtheBrowser(testNG1.java:39)
at org.TestNG2.testNG1.lanunchtheBrowser(testNG1.java:39)
at org.TestNG2.testNG1.lanunchtheBrowser(testNG1.java:39)
at org.TestNG2.testNG1.lanunchtheBrowser(testNG1.java:39)
at org.TestNG2.testNG1.lanunchtheBrowser(testNG1.java:39)
at org.TestNG2.testNG1.lanunchtheBrowser(testNG1.java:39)
at org.TestNG2.testNG1.lanunchtheBrowser(testNG1.java:39)
at org.TestNG2.testNG1.lanunchtheBrowser(testNG1.java:39)
at org.TestNG2.testNG1.lanunchtheBrowser(testNG1.java:39)
at org.TestNG2.testNG1.lanunchtheBrowser(testNG1.java:39)
at org.TestNG2.testNG1.lanunchtheBrowser(testNG1.java:39)
at org.TestNG2.testNG1.lanunchtheBrowser(testNG1.java:39)
at org.TestNG2.testNG1.lanunchtheBrowser(testNG1.java:39)
at org.TestNG2.testNG1.lanunchtheBrowser(testNG1.java:39)
at org.TestNG2.testNG1.lanunchtheBrowser(testNG1.java:39)
at org.TestNG2.testNG1.lanunchtheBrowser(testNG1.java:39)
at org.TestNG2.testNG1.lanunchtheBrowser(testNG1.java:39)
at org.TestNG2.testNG1.lanunchtheBrowser(testNG1.java:39)
at org.TestNG2.testNG1.lanunchtheBrowser(testNG1.java:39)
at org.TestNG2.testNG1.lanunchtheBrowser(testNG1.java:39)
at org.TestNG2.testNG1.lanunchtheBrowser(testNG1.java:39)
at org.TestNG2.testNG1.lanunchtheBrowser(testNG1.java:39)
at org.TestNG2.testNG1.lanunchtheBrowser(testNG1.java:39)
at org.TestNG2.testNG1.lanunchtheBrowser(testNG1.java:39)
at org.TestNG2.testNG1.lanunchtheBrowser(testNG1.java:39)
at org.TestNG2.testNG1.lanunchtheBrowser(testNG1.java:39)
at org.TestNG2.testNG1.lanunchtheBrowser(testNG1.java:39)
at org.TestNG2.testNG1.lanunchtheBrowser(testNG1.java:39)
at org.TestNG2.testNG1.lanunchtheBrowser(testNG1.java:39)
at org.TestNG2.testNG1.lanunchtheBrowser(testNG1.java:39)
at org.TestNG2.testNG1.lanunchtheBrowser(testNG1.java:39)
at org.TestNG2.testNG1.lanunchtheBrowser(testNG1.java:39)
at org.TestNG2.testNG1.lanunchtheBrowser(testNG1.java:39)
at org.TestNG2.testNG1.lanunchtheBrowser(testNG1.java:39)
at org.TestNG2.testNG1.lanunchtheBrowser(testNG1.java:39)
at org.TestNG2.testNG1.lanunchtheBrowser(testNG1.java:39)
at org.TestNG2.testNG1.lanunchtheBrowser(testNG1.java:39)
at org.TestNG2.testNG1.lanunchtheBrowser(testNG1.java:39)
at org.TestNG2.testNG1.lanunchtheBrowser(testNG1.java:39)
at org.TestNG2.testNG1.lanunchtheBrowser(testNG1.java:39)
at org.TestNG2.testNG1.lanunchtheBrowser(testNG1.java:39)
at org.TestNG2.testNG1.lanunchtheBrowser(testNG1.java:39)
at org.TestNG2.testNG1.lanunchtheBrowser(testNG1.java:39)
at org.TestNG2.testNG1.lanunchtheBrowser(testNG1.java:39)
at org.TestNG2.testNG1.lanunchtheBrowser(testNG1.java:39)
at org.TestNG2.testNG1.lanunchtheBrowser(testNG1.java:39)
at org.TestNG2.testNG1.lanunchtheBrowser(testNG1.java:39)
at org.TestNG2.testNG1.lanunchtheBrowser(testNG1.java:39)
at org.TestNG2.testNG1.lanunchtheBrowser(testNG1.java:39)
at org.TestNG2.testNG1.lanunchtheBrowser(testNG1.java:39)
at org.TestNG2.testNG1.lanunchtheBrowser(testNG1.java:39)
at org.TestNG2.testNG1.lanunchtheBrowser(testNG1.java:39)
at org.TestNG2.testNG1.lanunchtheBrowser(testNG1.java:39)
at org.TestNG2.testNG1.lanunchtheBrowser(testNG1.java:39)
at org.TestNG2.testNG1.lanunchtheBrowser(testNG1.java:39)
at org.TestNG2.testNG1.lanunchtheBrowser(testNG1.java:39)
at org.TestNG2.testNG1.lanunchtheBrowser(testNG1.java:39)
at org.TestNG2.testNG1.lanunchtheBrowser(testNG1.java:39)
at org.TestNG2.testNG1.lanunchtheBrowser(testNG1.java:39)
at org.TestNG2.testNG1.lanunchtheBrowser(testNG1.java:39)
at org.TestNG2.testNG1.lanunchtheBrowser(testNG1.java:39)
at org.TestNG2.testNG1.lanunchtheBrowser(testNG1.java:39)
at org.TestNG2.testNG1.lanunchtheBrowser(testNG1.java:39)
at org.TestNG2.testNG1.lanunchtheBrowser(testNG1.java:39)
at org.TestNG2.testNG1.lanunchtheBrowser(testNG1.java:39)
at org.TestNG2.testNG1.lanunchtheBrowser(testNG1.java:39)
at org.TestNG2.testNG1.lanunchtheBrowser(testNG1.java:39)
at org.TestNG2.testNG1.lanunchtheBrowser(testNG1.java:39)
at org.TestNG2.testNG1.lanunchtheBrowser(testNG1.java:39)
at org.TestNG2.testNG1.lanunchtheBrowser(testNG1.java:39)
at org.TestNG2.testNG1.lanunchtheBrowser(testNG1.java:39)
at org.TestNG2.testNG1.lanunchtheBrowser(testNG1.java:39)
at org.TestNG2.testNG1.lanunchtheBrowser(testNG1.java:39)
at org.TestNG2.testNG1.lanunchtheBrowser(testNG1.java:39)
at org.TestNG2.testNG1.lanunchtheBrowser(testNG1.java:39)
at org.TestNG2.testNG1.lanunchtheBrowser(testNG1.java:39)
at org.TestNG2.testNG1.lanunchtheBrowser(testNG1.java:39)
at org.TestNG2.testNG1.lanunchtheBrowser(testNG1.java:39)
at org.TestNG2.testNG1.lanunchtheBrowser(testNG1.java:39)
at org.TestNG2.testNG1.lanunchtheBrowser(testNG1.java:39)
at org.TestNG2.testNG1.lanunchtheBrowser(testNG1.java:39)
at org.TestNG2.testNG1.lanunchtheBrowser(testNG1.java:39)
at org.TestNG2.testNG1.lanunchtheBrowser(testNG1.java:39)
at org.TestNG2.testNG1.lanunchtheBrowser(testNG1.java:39)
at org.TestNG2.testNG1.lanunchtheBrowser(testNG1.java:39)
at org.TestNG2.testNG1.lanunchtheBrowser(testNG1.java:39)
at org.TestNG2.testNG1.lanunchtheBrowser(testNG1.java:39)
at org.TestNG2.testNG1.lanunchtheBrowser(testNG1.java:39)
at org.TestNG2.testNG1.lanunchtheBrowser(testNG1.java:39)
at org.TestNG2.testNG1.lanunchtheBrowser(testNG1.java:39)
at org.TestNG2.testNG1.lanunchtheBrowser(testNG1.java:39)
at org.TestNG2.testNG1.lanunchtheBrowser(testNG1.java:39)
at org.TestNG2.testNG1.lanunchtheBrowser(testNG1.java:39)
at org.TestNG2.testNG1.lanunchtheBrowser(testNG1.java:39)
at org.TestNG2.testNG1.lanunchtheBrowser(testNG1.java:39)
at org.TestNG2.testNG1.lanunchtheBrowser(testNG1.java:39)
at org.TestNG2.testNG1.lanunchtheBrowser(testNG1.java:39)
at org.TestNG2.testNG1.lanunchtheBrowser(testNG1.java:39)
at org.TestNG2.testNG1.lanunchtheBrowser(testNG1.java:39)
at org.TestNG2.testNG1.lanunchtheBrowser(testNG1.java:39)
at org.TestNG2.testNG1.lanunchtheBrowser(testNG1.java:39)
at org.TestNG2.testNG1.lanunchtheBrowser(testNG1.java:39)
at org.TestNG2.testNG1.lanunchtheBrowser(testNG1.java:39)
at org.TestNG2.testNG1.lanunchtheBrowser(testNG1.java:39)
at org.TestNG2.testNG1.lanunchtheBrowser(testNG1.java:39)
at org.TestNG2.testNG1.lanunchtheBrowser(testNG1.java:39)
at org.TestNG2.testNG1.lanunchtheBrowser(testNG1.java:39)
at org.TestNG2.testNG1.lanunchtheBrowser(testNG1.java:39)
at org.TestNG2.testNG1.lanunchtheBrowser(testNG1.java:39)
at org.TestNG2.testNG1.lanunchtheBrowser(testNG1.java:39)
at org.TestNG2.testNG1.lanunchtheBrowser(testNG1.java:39)
at org.TestNG2.testNG1.lanunchtheBrowser(testNG1.java:39)
at org.TestNG2.testNG1.lanunchtheBrowser(testNG1.java:39)
at org.TestNG2.testNG1.lanunchtheBrowser(testNG1.java:39)
at org.TestNG2.testNG1.lanunchtheBrowser(testNG1.java:39)
at org.TestNG2.testNG1.lanunchtheBrowser(testNG1.java:39)
at org.TestNG2.testNG1.lanunchtheBrowser(testNG1.java:39)
at org.TestNG2.testNG1.lanunchtheBrowser(testNG1.java:39)
at org.TestNG2.testNG1.lanunchtheBrowser(testNG1.java:39)
at org.TestNG2.testNG1.lanunchtheBrowser(testNG1.java:39)
at org.TestNG2.testNG1.lanunchtheBrowser(testNG1.java:39)
at org.TestNG2.testNG1.lanunchtheBrowser(testNG1.java:39)
at org.TestNG2.testNG1.lanunchtheBrowser(testNG1.java:39)
at org.TestNG2.testNG1.lanunchtheBrowser(testNG1.java:39)
at org.TestNG2.testNG1.lanunchtheBrowser(testNG1.java:39)
at org.TestNG2.testNG1.lanunchtheBrowser(testNG1.java:39)
at org.TestNG2.testNG1.lanunchtheBrowser(testNG1.java:39)
at org.TestNG2.testNG1.lanunchtheBrowser(testNG1.java:39)
at org.TestNG2.testNG1.lanunchtheBrowser(testNG1.java:39)
at org.TestNG2.testNG1.lanunchtheBrowser(testNG1.java:39)
at org.TestNG2.testNG1.lanunchtheBrowser(testNG1.java:39)
at org.TestNG2.testNG1.lanunchtheBrowser(testNG1.java:39)
at org.TestNG2.testNG1.lanunchtheBrowser(testNG1.java:39)
at org.TestNG2.testNG1.lanunchtheBrowser(testNG1.java:39)
at org.TestNG2.testNG1.lanunchtheBrowser(testNG1.java:39)
at org.TestNG2.testNG1.lanunchtheBrowser(testNG1.java:39)
at org.TestNG2.testNG1.lanunchtheBrowser(testNG1.java:39)
at org.TestNG2.testNG1.lanunchtheBrowser(testNG1.java:39)
at org.TestNG2.testNG1.lanunchtheBrowser(testNG1.java:39)
at org.TestNG2.testNG1.lanunchtheBrowser(testNG1.java:39)
at org.TestNG2.testNG1.lanunchtheBrowser(testNG1.java:39)
at org.TestNG2.testNG1.lanunchtheBrowser(testNG1.java:39)
at org.TestNG2.testNG1.lanunchtheBrowser(testNG1.java:39)
at org.TestNG2.testNG1.lanunchtheBrowser(testNG1.java:39)
at org.TestNG2.testNG1.lanunchtheBrowser(testNG1.java:39)
at org.TestNG2.testNG1.lanunchtheBrowser(testNG1.java:39)
at org.TestNG2.testNG1.lanunchtheBrowser(testNG1.java:39)
at org.TestNG2.testNG1.lanunchtheBrowser(testNG1.java:39)
at org.TestNG2.testNG1.lanunchtheBrowser(testNG1.java:39)
at org.TestNG2.testNG1.lanunchtheBrowser(testNG1.java:39)
at org.TestNG2.testNG1.lanunchtheBrowser(testNG1.java:39)
at org.TestNG2.testNG1.lanunchtheBrowser(testNG1.java:39)
at org.TestNG2.testNG1.lanunchtheBrowser(testNG1.java:39)
at org.TestNG2.testNG1.lanunchtheBrowser(testNG1.java:39)
at org.TestNG2.testNG1.lanunchtheBrowser(testNG1.java:39)
at org.TestNG2.testNG1.lanunchtheBrowser(testNG1.java:39)
at org.TestNG2.testNG1.lanunchtheBrowser(testNG1.java:39)
at org.TestNG2.testNG1.lanunchtheBrowser(testNG1.java:39)
at org.TestNG2.testNG1.lanunchtheBrowser(testNG1.java:39)
at org.TestNG2.testNG1.lanunchtheBrowser(testNG1.java:39)
at org.TestNG2.testNG1.lanunchtheBrowser(testNG1.java:39)
at org.TestNG2.testNG1.lanunchtheBrowser(testNG1.java:39)
at org.TestNG2.testNG1.lanunchtheBrowser(testNG1.java:39)
at org.TestNG2.testNG1.lanunchtheBrowser(testNG1.java:39)
at org.TestNG2.testNG1.lanunchtheBrowser(testNG1.java:39)
at org.TestNG2.testNG1.lanunchtheBrowser(testNG1.java:39)
at org.TestNG2.testNG1.lanunchtheBrowser(testNG1.java:39)
at org.TestNG2.testNG1.lanunchtheBrowser(testNG1.java:39)
at org.TestNG2.testNG1.lanunchtheBrowser(testNG1.java:39)
at org.TestNG2.testNG1.lanunchtheBrowser(testNG1.java:39)
at org.TestNG2.testNG1.lanunchtheBrowser(testNG1.java:39)
at org.TestNG2.testNG1.lanunchtheBrowser(testNG1.java:39)
at org.TestNG2.testNG1.lanunchtheBrowser(testNG1.java:39)
at org.TestNG2.testNG1.lanunchtheBrowser(testNG1.java:39)
at org.TestNG2.testNG1.lanunchtheBrowser(testNG1.java:39)
at org.TestNG2.testNG1.lanunchtheBrowser(testNG1.java:39)
at org.TestNG2.testNG1.lanunchtheBrowser(testNG1.java:39)
at org.TestNG2.testNG1.lanunchtheBrowser(testNG1.java:39)
at org.TestNG2.testNG1.lanunchtheBrowser(testNG1.java:39)
at org.TestNG2.testNG1.lanunchtheBrowser(testNG1.java:39)
at org.TestNG2.testNG1.lanunchtheBrowser(testNG1.java:39)
at org.TestNG2.testNG1.lanunchtheBrowser(testNG1.java:39)
at org.TestNG2.testNG1.lanunchtheBrowser(testNG1.java:39)
at org.TestNG2.testNG1.lanunchtheBrowser(testNG1.java:39)
at org.TestNG2.testNG1.lanunchtheBrowser(testNG1.java:39)
at org.TestNG2.testNG1.lanunchtheBrowser(testNG1.java:39)
at org.TestNG2.testNG1.lanunchtheBrowser(testNG1.java:39)
at org.TestNG2.testNG1.lanunchtheBrowser(testNG1.java:39)
at org.TestNG2.testNG1.lanunchtheBrowser(testNG1.java:39)
at org.TestNG2.testNG1.lanunchtheBrowser(testNG1.java:39)
at org.TestNG2.testNG1.lanunchtheBrowser(testNG1.java:39)
at org.TestNG2.testNG1.lanunchtheBrowser(testNG1.java:39)
at org.TestNG2.testNG1.lanunchtheBrowser(testNG1.java:39)
at org.TestNG2.testNG1.lanunchtheBrowser(testNG1.java:39)
at org.TestNG2.testNG1.lanunchtheBrowser(testNG1.java:39)
at org.TestNG2.testNG1.lanunchtheBrowser(testNG1.java:39)
at org.TestNG2.testNG1.lanunchtheBrowser(testNG1.java:39)
at org.TestNG2.testNG1.lanunchtheBrowser(testNG1.java:39)
at org.TestNG2.testNG1.lanunchtheBrowser(testNG1.java:39)
at org.TestNG2.testNG1.lanunchtheBrowser(testNG1.java:39)
at org.TestNG2.testNG1.lanunchtheBrowser(testNG1.java:39)
at org.TestNG2.testNG1.lanunchtheBrowser(testNG1.java:39)
at org.TestNG2.testNG1.lanunchtheBrowser(testNG1.java:39)
at org.TestNG2.testNG1.lanunchtheBrowser(testNG1.java:39)
at org.TestNG2.testNG1.lanunchtheBrowser(testNG1.java:39)
at org.TestNG2.testNG1.lanunchtheBrowser(testNG1.java:39)
at org.TestNG2.testNG1.lanunchtheBrowser(testNG1.java:39)
at org.TestNG2.testNG1.lanunchtheBrowser(testNG1.java:39)
at org.TestNG2.testNG1.lanunchtheBrowser(testNG1.java:39)
at org.TestNG2.testNG1.lanunchtheBrowser(testNG1.java:39)
at org.TestNG2.testNG1.lanunchtheBrowser(testNG1.java:39)
at org.TestNG2.testNG1.lanunchtheBrowser(testNG1.java:39)
at org.TestNG2.testNG1.lanunchtheBrowser(testNG1.java:39)
at org.TestNG2.testNG1.lanunchtheBrowser(testNG1.java:39)
at org.TestNG2.testNG1.lanunchtheBrowser(testNG1.java:39)
at org.TestNG2.testNG1.lanunchtheBrowser(testNG1.java:39)
at org.TestNG2.testNG1.lanunchtheBrowser(testNG1.java:39)
at org.TestNG2.testNG1.lanunchtheBrowser(testNG1.java:39)
at org.TestNG2.testNG1.lanunchtheBrowser(testNG1.java:39)
at org.TestNG2.testNG1.lanunchtheBrowser(testNG1.java:39)
at org.TestNG2.testNG1.lanunchtheBrowser(testNG1.java:39)
at org.TestNG2.testNG1.lanunchtheBrowser(testNG1.java:39)
at org.TestNG2.testNG1.lanunchtheBrowser(testNG1.java:39)
at org.TestNG2.testNG1.lanunchtheBrowser(testNG1.java:39)
at org.TestNG2.testNG1.lanunchtheBrowser(testNG1.java:39)
at org.TestNG2.testNG1.lanunchtheBrowser(testNG1.java:39)
at org.TestNG2.testNG1.lanunchtheBrowser(testNG1.java:39)
at org.TestNG2.testNG1.lanunchtheBrowser(testNG1.java:39)
at org.TestNG2.testNG1.lanunchtheBrowser(testNG1.java:39)
at org.TestNG2.testNG1.lanunchtheBrowser(testNG1.java:39)
at org.TestNG2.testNG1.lanunchtheBrowser(testNG1.java:39)
at org.TestNG2.testNG1.lanunchtheBrowser(testNG1.java:39)
at org.TestNG2.testNG1.lanunchtheBrowser(testNG1.java:39)
at org.TestNG2.testNG1.lanunchtheBrowser(testNG1.java:39)
at org.TestNG2.testNG1.lanunchtheBrowser(testNG1.java:39)
at org.TestNG2.testNG1.lanunchtheBrowser(testNG1.java:39)
at org.TestNG2.testNG1.lanunchtheBrowser(testNG1.java:39)
at org.TestNG2.testNG1.lanunchtheBrowser(testNG1.java:39)
at org.TestNG2.testNG1.lanunchtheBrowser(testNG1.java:39)
at org.TestNG2.testNG1.lanunchtheBrowser(testNG1.java:39)
at org.TestNG2.testNG1.lanunchtheBrowser(testNG1.java:39)
at org.TestNG2.testNG1.lanunchtheBrowser(testNG1.java:39)
at org.TestNG2.testNG1.lanunchtheBrowser(testNG1.java:39)
at org.TestNG2.testNG1.lanunchtheBrowser(testNG1.java:39)
at org.TestNG2.testNG1.lanunchtheBrowser(testNG1.java:39)
at org.TestNG2.testNG1.lanunchtheBrowser(testNG1.java:39)
at org.TestNG2.testNG1.lanunchtheBrowser(testNG1.java:39)
at org.TestNG2.testNG1.lanunchtheBrowser(testNG1.java:39)
at org.TestNG2.testNG1.lanunchtheBrowser(testNG1.java:39)
at org.TestNG2.testNG1.lanunchtheBrowser(testNG1.java:39)
at org.TestNG2.testNG1.lanunchtheBrowser(testNG1.java:39)
at org.TestNG2.testNG1.lanunchtheBrowser(testNG1.java:39)
at org.TestNG2.testNG1.lanunchtheBrowser(testNG1.java:39)
at org.TestNG2.testNG1.lanunchtheBrowser(testNG1.java:39)
at org.TestNG2.testNG1.lanunchtheBrowser(testNG1.java:39)
at org.TestNG2.testNG1.lanunchtheBrowser(testNG1.java:39)
at org.TestNG2.testNG1.lanunchtheBrowser(testNG1.java:39)
at org.TestNG2.testNG1.lanunchtheBrowser(testNG1.java:39)
at org.TestNG2.testNG1.lanunchtheBrowser(testNG1.java:39)
at org.TestNG2.testNG1.lanunchtheBrowser(testNG1.java:39)
at org.TestNG2.testNG1.lanunchtheBrowser(testNG1.java:39)
at org.TestNG2.testNG1.lanunchtheBrowser(testNG1.java:39)
at org.TestNG2.testNG1.lanunchtheBrowser(testNG1.java:39)
at org.TestNG2.testNG1.lanunchtheBrowser(testNG1.java:39)
at org.TestNG2.testNG1.lanunchtheBrowser(testNG1.java:39)
at org.TestNG2.testNG1.lanunchtheBrowser(testNG1.java:39)
at org.TestNG2.testNG1.lanunchtheBrowser(testNG1.java:39)
at org.TestNG2.testNG1.lanunchtheBrowser(testNG1.java:39)
at org.TestNG2.testNG1.lanunchtheBrowser(testNG1.java:39)
at org.TestNG2.testNG1.lanunchtheBrowser(testNG1.java:39)
at org.TestNG2.testNG1.lanunchtheBrowser(testNG1.java:39)
at org.TestNG2.testNG1.lanunchtheBrowser(testNG1.java:39)
at org.TestNG2.testNG1.lanunchtheBrowser(testNG1.java:39)
at org.TestNG2.testNG1.lanunchtheBrowser(testNG1.java:39)
at org.TestNG2.testNG1.lanunchtheBrowser(testNG1.java:39)
at org.TestNG2.testNG1.lanunchtheBrowser(testNG1.java:39)
at org.TestNG2.testNG1.lanunchtheBrowser(testNG1.java:39)
at org.TestNG2.testNG1.lanunchtheBrowser(testNG1.java:39)
at org.TestNG2.testNG1.lanunchtheBrowser(testNG1.java:39)
at org.TestNG2.testNG1.lanunchtheBrowser(testNG1.java:39)
at org.TestNG2.testNG1.lanunchtheBrowser(testNG1.java:39)
at org.TestNG2.testNG1.lanunchtheBrowser(testNG1.java:39)
at org.TestNG2.testNG1.lanunchtheBrowser(testNG1.java:39)
at org.TestNG2.testNG1.lanunchtheBrowser(testNG1.java:39)
at org.TestNG2.testNG1.lanunchtheBrowser(testNG1.java:39)
at org.TestNG2.testNG1.lanunchtheBrowser(testNG1.java:39)
at org.TestNG2.testNG1.lanunchtheBrowser(testNG1.java:39)
at org.TestNG2.testNG1.lanunchtheBrowser(testNG1.java:39)
at org.TestNG2.testNG1.lanunchtheBrowser(testNG1.java:39)
at org.TestNG2.testNG1.lanunchtheBrowser(testNG1.java:39)
at org.TestNG2.testNG1.lanunchtheBrowser(testNG1.java:39)
at org.TestNG2.testNG1.lanunchtheBrowser(testNG1.java:39)
at org.TestNG2.testNG1.lanunchtheBrowser(testNG1.java:39)
at org.TestNG2.testNG1.lanunchtheBrowser(testNG1.java:39)
at org.TestNG2.testNG1.lanunchtheBrowser(testNG1.java:39)
at org.TestNG2.testNG1.lanunchtheBrowser(testNG1.java:39)
at org.TestNG2.testNG1.lanunchtheBrowser(testNG1.java:39)
at org.TestNG2.testNG1.lanunchtheBrowser(testNG1.java:39)
at org.TestNG2.testNG1.lanunchtheBrowser(testNG1.java:39)
at org.TestNG2.testNG1.lanunchtheBrowser(testNG1.java:39)
at org.TestNG2.testNG1.lanunchtheBrowser(testNG1.java:39)
at org.TestNG2.testNG1.lanunchtheBrowser(testNG1.java:39)
at org.TestNG2.testNG1.lanunchtheBrowser(testNG1.java:39)
at org.TestNG2.testNG1.lanunchtheBrowser(testNG1.java:39)
at org.TestNG2.testNG1.lanunchtheBrowser(testNG1.java:39)
at org.TestNG2.testNG1.lanunchtheBrowser(testNG1.java:39)
at org.TestNG2.testNG1.lanunchtheBrowser(testNG1.java:39)
at org.TestNG2.testNG1.lanunchtheBrowser(testNG1.java:39)
at org.TestNG2.testNG1.lanunchtheBrowser(testNG1.java:39)
at org.TestNG2.testNG1.lanunchtheBrowser(testNG1.java:39)
at org.TestNG2.testNG1.lanunchtheBrowser(testNG1.java:39)
at org.TestNG2.testNG1.lanunchtheBrowser(testNG1.java:39)
at org.TestNG2.testNG1.lanunchtheBrowser(testNG1.java:39)
at org.TestNG2.testNG1.lanunchtheBrowser(testNG1.java:39)
at org.TestNG2.testNG1.lanunchtheBrowser(testNG1.java:39)
at org.TestNG2.testNG1.lanunchtheBrowser(testNG1.java:39)
at org.TestNG2.testNG1.lanunchtheBrowser(testNG1.java:39)
at org.TestNG2.testNG1.lanunchtheBrowser(testNG1.java:39)
at org.TestNG2.testNG1.lanunchtheBrowser(testNG1.java:39)
at org.TestNG2.testNG1.lanunchtheBrowser(testNG1.java:39)
at org.TestNG2.testNG1.lanunchtheBrowser(testNG1.java:39)
at org.TestNG2.testNG1.lanunchtheBrowser(testNG1.java:39)
at org.TestNG2.testNG1.lanunchtheBrowser(testNG1.java:39)
at org.TestNG2.testNG1.lanunchtheBrowser(testNG1.java:39)
at org.TestNG2.testNG1.lanunchtheBrowser(testNG1.java:39)
at org.TestNG2.testNG1.lanunchtheBrowser(testNG1.java:39)
at org.TestNG2.testNG1.lanunchtheBrowser(testNG1.java:39)
at org.TestNG2.testNG1.lanunchtheBrowser(testNG1.java:39)
at org.TestNG2.testNG1.lanunchtheBrowser(testNG1.java:39)
at org.TestNG2.testNG1.lanunchtheBrowser(testNG1.java:39)
at org.TestNG2.testNG1.lanunchtheBrowser(testNG1.java:39)
at org.TestNG2.testNG1.lanunchtheBrowser(testNG1.java:39)
at org.TestNG2.testNG1.lanunchtheBrowser(testNG1.java:39)
at org.TestNG2.testNG1.lanunchtheBrowser(testNG1.java:39)
at org.TestNG2.testNG1.lanunchtheBrowser(testNG1.java:39)
at org.TestNG2.testNG1.lanunchtheBrowser(testNG1.java:39)
at org.TestNG2.testNG1.lanunchtheBrowser(testNG1.java:39)
at org.TestNG2.testNG1.lanunchtheBrowser(testNG1.java:39)
at org.TestNG2.testNG1.lanunchtheBrowser(testNG1.java:39)
at org.TestNG2.testNG1.lanunchtheBrowser(testNG1.java:39)
at org.TestNG2.testNG1.lanunchtheBrowser(testNG1.java:39)
at org.TestNG2.testNG1.lanunchtheBrowser(testNG1.java:39)
at org.TestNG2.testNG1.lanunchtheBrowser(testNG1.java:39)
at org.TestNG2.testNG1.lanunchtheBrowser(testNG1.java:39)
at org.TestNG2.testNG1.lanunchtheBrowser(testNG1.java:39)
at org.TestNG2.testNG1.lanunchtheBrowser(testNG1.java:39)
at org.TestNG2.testNG1.lanunchtheBrowser(testNG1.java:39)
at org.TestNG2.testNG1.lanunchtheBrowser(testNG1.java:39)
at org.TestNG2.testNG1.lanunchtheBrowser(testNG1.java:39)
at org.TestNG2.testNG1.lanunchtheBrowser(testNG1.java:39)
at org.TestNG2.testNG1.lanunchtheBrowser(testNG1.java:39)
at org.TestNG2.testNG1.lanunchtheBrowser(testNG1.java:39)
at org.TestNG2.testNG1.lanunchtheBrowser(testNG1.java:39)
at org.TestNG2.testNG1.lanunchtheBrowser(testNG1.java:39)
at org.TestNG2.testNG1.lanunchtheBrowser(testNG1.java:39)
at org.TestNG2.testNG1.lanunchtheBrowser(testNG1.java:39)
at org.TestNG2.testNG1.lanunchtheBrowser(testNG1.java:39)
at org.TestNG2.testNG1.lanunchtheBrowser(testNG1.java:39)
at org.TestNG2.testNG1.lanunchtheBrowser(testNG1.java:39)
at org.TestNG2.testNG1.lanunchtheBrowser(testNG1.java:39)
at org.TestNG2.testNG1.lanunchtheBrowser(testNG1.java:39)
at org.TestNG2.testNG1.lanunchtheBrowser(testNG1.java:39)
at org.TestNG2.testNG1.lanunchtheBrowser(testNG1.java:39)
at org.TestNG2.testNG1.lanunchtheBrowser(testNG1.java:39)
at org.TestNG2.testNG1.lanunchtheBrowser(testNG1.java:39)
at org.TestNG2.testNG1.lanunchtheBrowser(testNG1.java:39)
at org.TestNG2.testNG1.lanunchtheBrowser(testNG1.java:39)
at org.TestNG2.testNG1.lanunchtheBrowser(testNG1.java:39)
at org.TestNG2.testNG1.lanunchtheBrowser(testNG1.java:39)
at org.TestNG2.testNG1.lanunchtheBrowser(testNG1.java:39)
at org.TestNG2.testNG1.lanunchtheBrowser(testNG1.java:39)
at org.TestNG2.testNG1.lanunchtheBrowser(testNG1.java:39)
at org.TestNG2.testNG1.lanunchtheBrowser(testNG1.java:39)
at org.TestNG2.testNG1.lanunchtheBrowser(testNG1.java:39)
at org.TestNG2.testNG1.lanunchtheBrowser(testNG1.java:39)
at org.TestNG2.testNG1.lanunchtheBrowser(testNG1.java:39)
at org.TestNG2.testNG1.lanunchtheBrowser(testNG1.java:39)
at org.TestNG2.testNG1.lanunchtheBrowser(testNG1.java:39)
at org.TestNG2.testNG1.lanunchtheBrowser(testNG1.java:39)
at org.TestNG2.testNG1.lanunchtheBrowser(testNG1.java:39)
at org.TestNG2.testNG1.lanunchtheBrowser(testNG1.java:39)
at org.TestNG2.testNG1.lanunchtheBrowser(testNG1.java:39)
at org.TestNG2.testNG1.lanunchtheBrowser(testNG1.java:39)
at org.TestNG2.testNG1.lanunchtheBrowser(testNG1.java:39)
at org.TestNG2.testNG1.lanunchtheBrowser(testNG1.java:39)
at org.TestNG2.testNG1.lanunchtheBrowser(testNG1.java:39)
at org.TestNG2.testNG1.lanunchtheBrowser(testNG1.java:39)
at org.TestNG2.testNG1.lanunchtheBrowser(testNG1.java:39)
at org.TestNG2.testNG1.lanunchtheBrowser(testNG1.java:39)
at org.TestNG2.testNG1.lanunchtheBrowser(testNG1.java:39)
at org.TestNG2.testNG1.lanunchtheBrowser(testNG1.java:39)
at org.TestNG2.testNG1.lanunchtheBrowser(testNG1.java:39)
at org.TestNG2.testNG1.lanunchtheBrowser(testNG1.java:39)
at org.TestNG2.testNG1.lanunchtheBrowser(testNG1.java:39)
at org.TestNG2.testNG1.lanunchtheBrowser(testNG1.java:39)
at org.TestNG2.testNG1.lanunchtheBrowser(testNG1.java:39)
at org.TestNG2.testNG1.lanunchtheBrowser(testNG1.java:39)
at org.TestNG2.testNG1.lanunchtheBrowser(testNG1.java:39)
at org.TestNG2.testNG1.lanunchtheBrowser(testNG1.java:39)
at org.TestNG2.testNG1.lanunchtheBrowser(testNG1.java:39)
at org.TestNG2.testNG1.lanunchtheBrowser(testNG1.java:39)
at org.TestNG2.testNG1.lanunchtheBrowser(testNG1.java:39)
at org.TestNG2.testNG1.lanunchtheBrowser(testNG1.java:39)
at org.TestNG2.testNG1.lanunchtheBrowser(testNG1.java:39)
at org.TestNG2.testNG1.lanunchtheBrowser(testNG1.java:39)
at org.TestNG2.testNG1.lanunchtheBrowser(testNG1.java:39)
at org.TestNG2.testNG1.lanunchtheBrowser(testNG1.java:39)
at org.TestNG2.testNG1.lanunchtheBrowser(testNG1.java:39)
at org.TestNG2.testNG1.lanunchtheBrowser(testNG1.java:39)
at org.TestNG2.testNG1.lanunchtheBrowser(testNG1.java:39)
at org.TestNG2.testNG1.lanunchtheBrowser(testNG1.java:39)
at org.TestNG2.testNG1.lanunchtheBrowser(testNG1.java:39)
at org.TestNG2.testNG1.lanunchtheBrowser(testNG1.java:39)
at org.TestNG2.testNG1.lanunchtheBrowser(testNG1.java:39)
at org.TestNG2.testNG1.lanunchtheBrowser(testNG1.java:39)
at org.TestNG2.testNG1.lanunchtheBrowser(testNG1.java:39)
at org.TestNG2.testNG1.lanunchtheBrowser(testNG1.java:39)
at org.TestNG2.testNG1.lanunchtheBrowser(testNG1.java:39)
at org.TestNG2.testNG1.lanunchtheBrowser(testNG1.java:39)
at org.TestNG2.testNG1.lanunchtheBrowser(testNG1.java:39)
at org.TestNG2.testNG1.lanunchtheBrowser(testNG1.java:39)
at org.TestNG2.testNG1.lanunchtheBrowser(testNG1.java:39)
at org.TestNG2.testNG1.lanunchtheBrowser(testNG1.java:39)
at org.TestNG2.testNG1.lanunchtheBrowser(testNG1.java:39)
at org.TestNG2.testNG1.lanunchtheBrowser(testNG1.java:39)
at org.TestNG2.testNG1.lanunchtheBrowser(testNG1.java:39)
at org.TestNG2.testNG1.lanunchtheBrowser(testNG1.java:39)
at org.TestNG2.testNG1.lanunchtheBrowser(testNG1.java:39)
at org.TestNG2.testNG1.lanunchtheBrowser(testNG1.java:39)
at org.TestNG2.testNG1.lanunchtheBrowser(testNG1.java:39)
at org.TestNG2.testNG1.lanunchtheBrowser(testNG1.java:39)
at org.TestNG2.testNG1.lanunchtheBrowser(testNG1.java:39)
at org.TestNG2.testNG1.lanunchtheBrowser(testNG1.java:39)
at org.TestNG2.testNG1.lanunchtheBrowser(testNG1.java:39)
at org.TestNG2.testNG1.lanunchtheBrowser(testNG1.java:39)
at org.TestNG2.testNG1.lanunchtheBrowser(testNG1.java:39)
at org.TestNG2.testNG1.lanunchtheBrowser(testNG1.java:39)
at org.TestNG2.testNG1.lanunchtheBrowser(testNG1.java:39)
at org.TestNG2.testNG1.lanunchtheBrowser(testNG1.java:39)
at org.TestNG2.testNG1.lanunchtheBrowser(testNG1.java:39)
at org.TestNG2.testNG1.lanunchtheBrowser(testNG1.java:39)
at org.TestNG2.testNG1.lanunchtheBrowser(testNG1.java:39)
at org.TestNG2.testNG1.lanunchtheBrowser(testNG1.java:39)
at org.TestNG2.testNG1.lanunchtheBrowser(testNG1.java:39)
at org.TestNG2.testNG1.lanunchtheBrowser(testNG1.java:39)
at org.TestNG2.testNG1.lanunchtheBrowser(testNG1.java:39)
at org.TestNG2.testNG1.lanunchtheBrowser(testNG1.java:39)
at org.TestNG2.testNG1.lanunchtheBrowser(testNG1.java:39)
at org.TestNG2.testNG1.lanunchtheBrowser(testNG1.java:39)
at org.TestNG2.testNG1.lanunchtheBrowser(testNG1.java:39)
at org.TestNG2.testNG1.lanunchtheBrowser(testNG1.java:39)
at org.TestNG2.testNG1.lanunchtheBrowser(testNG1.java:39)
at org.TestNG2.testNG1.lanunchtheBrowser(testNG1.java:39)
at org.TestNG2.testNG1.lanunchtheBrowser(testNG1.java:39)
at org.TestNG2.testNG1.lanunchtheBrowser(testNG1.java:39)
at org.TestNG2.testNG1.lanunchtheBrowser(testNG1.java:39)
at org.TestNG2.testNG1.lanunchtheBrowser(testNG1.java:39)
at org.TestNG2.testNG1.lanunchtheBrowser(testNG1.java:39)
at org.TestNG2.testNG1.lanunchtheBrowser(testNG1.java:39)
at org.TestNG2.testNG1.lanunchtheBrowser(testNG1.java:39)
at org.TestNG2.testNG1.lanunchtheBrowser(testNG1.java:39)
at org.TestNG2.testNG1.lanunchtheBrowser(testNG1.java:39)
at org.TestNG2.testNG1.lanunchtheBrowser(testNG1.java:39)
at org.TestNG2.testNG1.lanunchtheBrowser(testNG1.java:39)
at org.TestNG2.testNG1.lanunchtheBrowser(testNG1.java:39)
at org.TestNG2.testNG1.lanunchtheBrowser(testNG1.java:39)
at org.TestNG2.testNG1.lanunchtheBrowser(testNG1.java:39)
at org.TestNG2.testNG1.lanunchtheBrowser(testNG1.java:39)
at org.TestNG2.testNG1.lanunchtheBrowser(testNG1.java:39)
at org.TestNG2.testNG1.lanunchtheBrowser(testNG1.java:39)
at org.TestNG2.testNG1.lanunchtheBrowser(testNG1.java:39)
at org.TestNG2.testNG1.lanunchtheBrowser(testNG1.java:39)
at org.TestNG2.testNG1.lanunchtheBrowser(testNG1.java:39)
at org.TestNG2.testNG1.lanunchtheBrowser(testNG1.java:39)
at org.TestNG2.testNG1.lanunchtheBrowser(testNG1.java:39)
at org.TestNG2.testNG1.lanunchtheBrowser(testNG1.java:39)
at org.TestNG2.testNG1.lanunchtheBrowser(testNG1.java:39)
at org.TestNG2.testNG1.lanunchtheBrowser(testNG1.java:39)
at org.TestNG2.testNG1.lanunchtheBrowser(testNG1.java:39)
at org.TestNG2.testNG1.lanunchtheBrowser(testNG1.java:39)
at org.TestNG2.testNG1.lanunchtheBrowser(testNG1.java:39)
at org.TestNG2.testNG1.lanunchtheBrowser(testNG1.java:39)
at org.TestNG2.testNG1.lanunchtheBrowser(testNG1.java:39)
at org.TestNG2.testNG1.lanunchtheBrowser(testNG1.java:39)
at org.TestNG2.testNG1.lanunchtheBrowser(testNG1.java:39)
at org.TestNG2.testNG1.lanunchtheBrowser(testNG1.java:39)
at org.TestNG2.testNG1.lanunchtheBrowser(testNG1.java:39)
at org.TestNG2.testNG1.lanunchtheBrowser(testNG1.java:39)
at org.TestNG2.testNG1.lanunchtheBrowser(testNG1.java:39)
at org.TestNG2.testNG1.lanunchtheBrowser(testNG1.java:39)
at org.TestNG2.testNG1.lanunchtheBrowser(testNG1.java:39)
at org.TestNG2.testNG1.lanunchtheBrowser(testNG1.java:39)
at org.TestNG2.testNG1.lanunchtheBrowser(testNG1.java:39)
at org.TestNG2.testNG1.lanunchtheBrowser(testNG1.java:39)
at org.TestNG2.testNG1.lanunchtheBrowser(testNG1.java:39)
at org.TestNG2.testNG1.lanunchtheBrowser(testNG1.java:39)
at org.TestNG2.testNG1.lanunchtheBrowser(testNG1.java:39)
at org.TestNG2.testNG1.lanunchtheBrowser(testNG1.java:39)
at org.TestNG2.testNG1.lanunchtheBrowser(testNG1.java:39)
at org.TestNG2.testNG1.lanunchtheBrowser(testNG1.java:39)
at org.TestNG2.testNG1.lanunchtheBrowser(testNG1.java:39)
at org.TestNG2.testNG1.lanunchtheBrowser(testNG1.java:39)
at org.TestNG2.testNG1.lanunchtheBrowser(testNG1.java:39)
at org.TestNG2.testNG1.lanunchtheBrowser(testNG1.java:39)
at org.TestNG2.testNG1.lanunchtheBrowser(testNG1.java:39)
at org.TestNG2.testNG1.lanunchtheBrowser(testNG1.java:39)
at org.TestNG2.testNG1.lanunchtheBrowser(testNG1.java:39)
at org.TestNG2.testNG1.lanunchtheBrowser(testNG1.java:39)
at org.TestNG2.testNG1.lanunchtheBrowser(testNG1.java:39)
at org.TestNG2.testNG1.lanunchtheBrowser(testNG1.java:39)
at org.TestNG2.testNG1.lanunchtheBrowser(testNG1.java:39)
at org.TestNG2.testNG1.lanunchtheBrowser(testNG1.java:39)
at org.TestNG2.testNG1.lanunchtheBrowser(testNG1.java:39)
at org.TestNG2.testNG1.lanunchtheBrowser(testNG1.java:39)
at org.TestNG2.testNG1.lanunchtheBrowser(testNG1.java:39)
at org.TestNG2.testNG1.lanunchtheBrowser(testNG1.java:39)
at org.TestNG2.testNG1.lanunchtheBrowser(testNG1.java:39)
at org.TestNG2.testNG1.lanunchtheBrowser(testNG1.java:39)
at org.TestNG2.testNG1.lanunchtheBrowser(testNG1.java:39)
at org.TestNG2.testNG1.lanunchtheBrowser(testNG1.java:39)
at org.TestNG2.testNG1.lanunchtheBrowser(testNG1.java:39)
at org.TestNG2.testNG1.lanunchtheBrowser(testNG1.java:39)
at org.TestNG2.testNG1.lanunchtheBrowser(testNG1.java:39)
at org.TestNG2.testNG1.lanunchtheBrowser(testNG1.java:39)
at org.TestNG2.testNG1.lanunchtheBrowser(testNG1.java:39)
at org.TestNG2.testNG1.lanunchtheBrowser(testNG1.java:39)
at org.TestNG2.testNG1.lanunchtheBrowser(testNG1.java:39)
at org.TestNG2.testNG1.lanunchtheBrowser(testNG1.java:39)
at org.TestNG2.testNG1.lanunchtheBrowser(testNG1.java:39)
at org.TestNG2.testNG1.lanunchtheBrowser(testNG1.java:39)
at org.TestNG2.testNG1.lanunchtheBrowser(testNG1.java:39)
at org.TestNG2.testNG1.lanunchtheBrowser(testNG1.java:39)
at org.TestNG2.testNG1.lanunchtheBrowser(testNG1.java:39)
at org.TestNG2.testNG1.lanunchtheBrowser(testNG1.java:39)
at org.TestNG2.testNG1.lanunchtheBrowser(testNG1.java:39)
at org.TestNG2.testNG1.lanunchtheBrowser(testNG1.java:39)
at org.TestNG2.testNG1.lanunchtheBrowser(testNG1.java:39)
at org.TestNG2.testNG1.lanunchtheBrowser(testNG1.java:39)
at org.TestNG2.testNG1.lanunchtheBrowser(testNG1.java:39)
at org.TestNG2.testNG1.lanunchtheBrowser(testNG1.java:39)
at org.TestNG2.testNG1.lanunchtheBrowser(testNG1.java:39)
at org.TestNG2.testNG1.lanunchtheBrowser(testNG1.java:39)
at org.TestNG2.testNG1.lanunchtheBrowser(testNG1.java:39)
at org.TestNG2.testNG1.lanunchtheBrowser(testNG1.java:39)
at org.TestNG2.testNG1.lanunchtheBrowser(testNG1.java:39)
at org.TestNG2.testNG1.lanunchtheBrowser(testNG1.java:39)
at org.TestNG2.testNG1.lanunchtheBrowser(testNG1.java:39)
at org.TestNG2.testNG1.lanunchtheBrowser(testNG1.java:39)
at org.TestNG2.testNG1.lanunchtheBrowser(testNG1.java:39)
at org.TestNG2.testNG1.lanunchtheBrowser(testNG1.java:39)
at org.TestNG2.testNG1.lanunchtheBrowser(testNG1.java:39)
at org.TestNG2.testNG1.lanunchtheBrowser(testNG1.java:39)
at org.TestNG2.testNG1.lanunchtheBrowser(testNG1.java:39)
at org.TestNG2.testNG1.lanunchtheBrowser(testNG1.java:39)
at org.TestNG2.testNG1.lanunchtheBrowser(testNG1.java:39)
at org.TestNG2.testNG1.lanunchtheBrowser(testNG1.java:39)
at org.TestNG2.testNG1.lanunchtheBrowser(testNG1.java:39)
at org.TestNG2.testNG1.lanunchtheBrowser(testNG1.java:39)
at org.TestNG2.testNG1.lanunchtheBrowser(testNG1.java:39)
at org.TestNG2.testNG1.lanunchtheBrowser(testNG1.java:39)
at org.TestNG2.testNG1.lanunchtheBrowser(testNG1.java:39)
at org.TestNG2.testNG1.lanunchtheBrowser(testNG1.java:39)
at org.TestNG2.testNG1.lanunchtheBrowser(testNG1.java:39)
at org.TestNG2.testNG1.lanunchtheBrowser(testNG1.java:39)
at org.TestNG2.testNG1.lanunchtheBrowser(testNG1.java:39)
at org.TestNG2.testNG1.lanunchtheBrowser(testNG1.java:39)
at org.TestNG2.testNG1.lanunchtheBrowser(testNG1.java:39)
at org.TestNG2.testNG1.lanunchtheBrowser(testNG1.java:39)
at org.TestNG2.testNG1.lanunchtheBrowser(testNG1.java:39)
at org.TestNG2.testNG1.lanunchtheBrowser(testNG1.java:39)
at org.TestNG2.testNG1.lanunchtheBrowser(testNG1.java:39)
at org.TestNG2.testNG1.lanunchtheBrowser(testNG1.java:39)
at org.TestNG2.testNG1.lanunchtheBrowser(testNG1.java:39)
at org.TestNG2.testNG1.lanunchtheBrowser(testNG1.java:39)
at org.TestNG2.testNG1.lanunchtheBrowser(testNG1.java:39)
at org.TestNG2.testNG1.lanunchtheBrowser(testNG1.java:39)
at org.TestNG2.testNG1.lanunchtheBrowser(testNG1.java:39)
at org.TestNG2.testNG1.lanunchtheBrowser(testNG1.java:39)
at org.TestNG2.testNG1.lanunchtheBrowser(testNG1.java:39)
at org.TestNG2.testNG1.lanunchtheBrowser(testNG1.java:39)
at org.TestNG2.testNG1.lanunchtheBrowser(testNG1.java:39)
at org.TestNG2.testNG1.lanunchtheBrowser(testNG1.java:39)
at org.TestNG2.testNG1.lanunchtheBrowser(testNG1.java:39)
at org.TestNG2.testNG1.lanunchtheBrowser(testNG1.java:39)
at org.TestNG2.testNG1.lanunchtheBrowser(testNG1.java:39)
at org.TestNG2.testNG1.lanunchtheBrowser(testNG1.java:39)
at org.TestNG2.testNG1.lanunchtheBrowser(testNG1.java:39)
at org.TestNG2.testNG1.lanunchtheBrowser(testNG1.java:39)
at org.TestNG2.testNG1.lanunchtheBrowser(testNG1.java:39)
at org.TestNG2.testNG1.lanunchtheBrowser(testNG1.java:39)
at org.TestNG2.testNG1.lanunchtheBrowser(testNG1.java:39)
at org.TestNG2.testNG1.lanunchtheBrowser(testNG1.java:39)
at org.TestNG2.testNG1.lanunchtheBrowser(testNG1.java:39)
at org.TestNG2.testNG1.lanunchtheBrowser(testNG1.java:39)
at org.TestNG2.testNG1.lanunchtheBrowser(testNG1.java:39)
]]>
    </error>
  </testcase> <!-- lanunchtheBrowser -->
  <system-out/>
  <testcase classname="org.TestNG2.testNG1" name="tc3" time="0.000">
    <skipped/>
  </testcase> <!-- tc3 -->
  <system-out/>
  <testcase classname="org.TestNG2.testNG1" name="tc1" time="0.000">
    <skipped/>
  </testcase> <!-- tc1 -->
  <system-out/>
  <testcase classname="org.TestNG2.testNG1" name="tc2">
    <skipped/>
  </testcase> <!-- tc2 -->
  <system-out/>
</testsuite> <!-- org.TestNG2.testNG1 -->
